12:41:41 | ERROR    | CoreService | core_service.py:32 | 尝试发布消息到未定义的主题: AssemblyCommand
12:41:56 | ERROR    | CoreService | core_service.py:32 | 尝试发布消息到未定义的主题: AssemblyCommand
13:41:37 | INFO     | CoreService | core_service.py:42 | 成功发布消息，主题: AssemblyCommand, 内容: b'\x08\x01\x10\x02'
13:58:45 | INFO     | CoreService | core_service.py:55 | MQTT接收线程已启动
13:58:45 | INFO     | CoreService | core_service.py:57 | 常规UDP图传接收线程已启动
14:04:57 | INFO     | CoreService | core_service.py:63 | 收到退出信号，正在关闭 CoreService...
14:07:04 | INFO     | CoreService | core_service.py:63 | 收到退出信号，正在关闭 CoreService...
14:07:04 | INFO     | CoreService | core_service.py:67 | 停止接收端MQTT客户端...
14:07:04 | INFO     | CoreService | core_service.py:69 | 停止发布端MQTT客户端...
14:07:04 | INFO     | CoreService | core_service.py:71 | 停止UDP图传接收线程...
14:07:05 | INFO     | CoreService | core_service.py:73 | CoreService 已停止
14:10:43 | INFO     | CoreService | core_service.py:63 | 收到退出信号，正在关闭 CoreService...
14:10:43 | INFO     | CoreService | core_service.py:67 | 停止接收端MQTT客户端...
14:11:54 | INFO     | CoreService | core_service.py:63 | 收到退出信号，正在关闭 CoreService...
14:11:54 | INFO     | CoreService | core_service.py:67 | 停止接收端MQTT客户端...
14:12:38 | INFO     | CoreService | core_service.py:63 | 收到退出信号，正在关闭 CoreService...
14:12:38 | INFO     | CoreService | core_service.py:67 | 停止接收端MQTT客户端...
14:12:41 | INFO     | CoreService | core_service.py:63 | 收到退出信号，正在关闭 CoreService...
14:12:41 | INFO     | CoreService | core_service.py:67 | 停止接收端MQTT客户端...
14:13:05 | INFO     | CoreService | core_service.py:63 | 收到退出信号，正在关闭 CoreService...
14:13:05 | INFO     | CoreService | core_service.py:67 | 停止接收端MQTT客户端...
14:14:30 | INFO     | CoreService | core_service.py:63 | 收到退出信号，正在关闭 CoreService...
14:14:30 | INFO     | CoreService | core_service.py:67 | 停止接收端MQTT客户端...
14:14:30 | INFO     | CoreService | core_service.py:69 | 停止发布端MQTT客户端...
14:14:30 | INFO     | CoreService | core_service.py:71 | 停止UDP图传接收线程...
14:14:30 | INFO     | CoreService | core_service.py:73 | CoreService 已停止
14:14:43 | INFO     | CoreService | core_service.py:63 | 收到退出信号，正在关闭 CoreService...
14:14:43 | INFO     | CoreService | core_service.py:67 | 停止接收端MQTT客户端...
14:14:43 | INFO     | CoreService | core_service.py:69 | 停止发布端MQTT客户端...
14:14:43 | INFO     | CoreService | core_service.py:71 | 停止UDP图传接收线程...
14:14:44 | INFO     | CoreService | core_service.py:73 | CoreService 已停止
14:15:23 | INFO     | CoreService | core_service.py:63 | 收到退出信号，正在关闭 CoreService...
14:15:23 | INFO     | CoreService | core_service.py:67 | 停止接收端MQTT客户端...
14:15:23 | INFO     | CoreService | core_service.py:69 | 停止发布端MQTT客户端...
14:15:23 | INFO     | CoreService | core_service.py:71 | 停止UDP图传接收线程...
14:15:23 | INFO     | CoreService | core_service.py:73 | CoreService 已停止
14:20:45 | INFO     | CoreService | core_service.py:63 | 收到退出信号，正在关闭 CoreService...
14:20:45 | INFO     | CoreService | core_service.py:67 | 停止接收端MQTT客户端...
14:20:45 | INFO     | CoreService | core_service.py:69 | 停止发布端MQTT客户端...
14:20:45 | INFO     | CoreService | core_service.py:71 | 停止UDP图传接收线程...
14:20:46 | INFO     | CoreService | core_service.py:73 | CoreService 已停止
14:22:48 | INFO     | CoreService | core_service.py:63 | 收到退出信号，正在关闭 CoreService...
14:22:48 | INFO     | CoreService | core_service.py:67 | 停止接收端MQTT客户端...
14:22:48 | INFO     | CoreService | core_service.py:69 | 停止发布端MQTT客户端...
14:22:48 | INFO     | CoreService | core_service.py:71 | 停止UDP图传接收线程...
14:22:49 | INFO     | CoreService | core_service.py:73 | CoreService 已停止
14:23:19 | INFO     | CoreService | core_service.py:63 | 收到退出信号，正在关闭 CoreService...
14:23:19 | INFO     | CoreService | core_service.py:67 | 停止接收端MQTT客户端...
14:23:19 | INFO     | CoreService | core_service.py:69 | 停止发布端MQTT客户端...
14:23:19 | INFO     | CoreService | core_service.py:71 | 停止UDP图传接收线程...
14:23:19 | INFO     | CoreService | core_service.py:73 | CoreService 已停止
14:24:12 | INFO     | CoreService | core_service.py:63 | 收到退出信号，正在关闭 CoreService...
14:24:12 | INFO     | CoreService | core_service.py:67 | 停止接收端MQTT客户端...
14:24:12 | INFO     | CoreService | core_service.py:69 | 停止发布端MQTT客户端...
14:24:12 | INFO     | CoreService | core_service.py:71 | 停止UDP图传接收线程...
14:24:13 | INFO     | CoreService | core_service.py:73 | CoreService 已停止
14:25:12 | INFO     | CoreService | core_service.py:62 | 收到退出信号，正在关闭 CoreService...
14:25:12 | INFO     | CoreService | core_service.py:66 | 停止接收端MQTT客户端...
14:25:12 | INFO     | CoreService | core_service.py:68 | 停止发布端MQTT客户端...
14:25:12 | INFO     | CoreService | core_service.py:70 | 停止UDP图传接收线程...
14:25:12 | INFO     | CoreService | core_service.py:72 | CoreService 已停止
14:28:56 | INFO     | CoreService | core_service.py:62 | 收到退出信号，正在关闭 CoreService...
14:28:56 | INFO     | CoreService | core_service.py:66 | 停止接收端MQTT客户端...
14:28:56 | INFO     | CoreService | core_service.py:68 | 停止发布端MQTT客户端...
14:28:56 | INFO     | CoreService | core_service.py:70 | 停止UDP图传接收线程...
14:28:56 | INFO     | CoreService | core_service.py:72 | CoreService 已停止
14:32:10 | INFO     | CoreService | core_service.py:60 | 收到退出信号，正在关闭 CoreService...
14:32:10 | INFO     | CoreService | core_service.py:64 | 停止MQTT客户端...
14:32:10 | INFO     | CoreService | core_service.py:66 | 停止UDP图传接收线程...
14:32:10 | INFO     | CoreService | core_service.py:68 | CoreService 已停止
14:35:24 | INFO     | CoreService | core_service.py:60 | 收到退出信号，正在关闭 CoreService...
14:35:24 | INFO     | CoreService | core_service.py:64 | 停止MQTT客户端...
14:35:24 | INFO     | CoreService | core_service.py:66 | 停止UDP图传接收线程...
14:35:25 | INFO     | CoreService | core_service.py:68 | CoreService 已停止
14:35:32 | INFO     | CoreService | core_service.py:60 | 收到退出信号，正在关闭 CoreService...
14:35:32 | INFO     | CoreService | core_service.py:64 | 停止MQTT客户端...
14:35:32 | INFO     | CoreService | core_service.py:66 | 停止UDP图传接收线程...
14:35:32 | INFO     | CoreService | core_service.py:68 | CoreService 已停止
14:39:17 | INFO     | CoreService | core_service.py:60 | 收到退出信号，正在关闭 CoreService...
14:39:17 | INFO     | CoreService | core_service.py:64 | 停止MQTT客户端...
14:39:17 | INFO     | CoreService | core_service.py:66 | 停止UDP图传接收线程...
14:39:17 | INFO     | CoreService | core_service.py:68 | CoreService 已停止
14:39:20 | INFO     | CoreService | core_service.py:60 | CoreService 已在后台启动（非阻塞模式）
14:39:58 | INFO     | CoreService | core_service.py:60 | CoreService 已在后台启动（非阻塞模式）
14:41:17 | INFO     | CoreService | core_service.py:61 | CoreService 已在后台启动（非阻塞模式）
14:43:55 | INFO     | CoreService | core_service.py:61 | CoreService 已在后台启动（非阻塞模式）
14:43:57 | INFO     | CoreService | core_service.py:50 | 更新状态，消息类型: GameStatus, 内容: {}
14:44:08 | INFO     | CoreService | core_service.py:50 | 更新状态，消息类型: GameStatus, 内容: {'current_round': 222, 'blue_score': 2}
14:44:57 | INFO     | CoreService | core_service.py:50 | 更新状态，消息类型: GlobalLogisticsStatus, 内容: {'total_economy_obtained': '221'}
14:47:03 | INFO     | CoreService | core_service.py:50 | 更新状态，消息类型: Event, 内容: {'param': '111'}
14:47:09 | INFO     | CoreService | core_service.py:50 | 更新状态，消息类型: Event, 内容: {'event_id': 2, 'param': '111'}
14:47:17 | INFO     | CoreService | core_service.py:50 | 更新状态，消息类型: RobotRespawnStatus, 内容: {'is_pending_respawn': True}
14:47:24 | INFO     | CoreService | core_service.py:50 | 更新状态，消息类型: RobotStaticStatus, 内容: {'alive_state': 1, 'performance_system_shooter': 1, 'performance_system_chassis': 1}
14:47:33 | INFO     | CoreService | core_service.py:50 | 更新状态，消息类型: RobotStaticStatus, 内容: {'connection_state': 1, 'field_state': 1, 'alive_state': 1, 'performance_system_shooter': 1, 'performance_system_chassis': 1}
14:49:55 | INFO     | CoreService | core_service.py:61 | CoreService 已在后台启动（非阻塞模式）
14:49:58 | INFO     | CoreService | core_service.py:50 | 更新状态，消息类型: GlobalUnitStatus, 内容: {'base_health': 333}
14:50:06 | INFO     | CoreService | core_service.py:50 | 更新状态，消息类型: GlobalUnitStatus, 内容: {'base_health': 333, 'robot_bullets': [1, 2, 3, 4]}
14:50:21 | INFO     | CoreService | core_service.py:50 | 更新状态，消息类型: AirSupportStatusSync, 内容: {'airsupport_status': 1}
14:50:42 | INFO     | CoreService | core_service.py:50 | 更新状态，消息类型: DartSelectTargetStatusSync, 内容: {'target_id': 1}
14:50:58 | INFO     | CoreService | core_service.py:50 | 更新状态，消息类型: RuneStatusSync, 内容: {'rune_status': 1}
14:51:01 | INFO     | CoreService | core_service.py:50 | 更新状态，消息类型: DeployModeStatusSync, 内容: {}
14:51:03 | INFO     | CoreService | core_service.py:50 | 更新状态，消息类型: RobotPerformanceSelectionSync, 内容: {'shooter': 1, 'chassis': 1}
14:51:05 | INFO     | CoreService | core_service.py:50 | 更新状态，消息类型: TechCoreMotionStateSync, 内容: {'status': 1}
14:51:07 | INFO     | CoreService | core_service.py:50 | 更新状态，消息类型: CustomByteBlock, 内容: {}
14:51:11 | INFO     | CoreService | core_service.py:50 | 更新状态，消息类型: CustomByteBlock, 内容: {'data': '1111'}
14:51:18 | INFO     | CoreService | core_service.py:50 | 更新状态，消息类型: CustomByteBlock, 内容: {'data': '11111w=='}
14:51:23 | INFO     | CoreService | core_service.py:50 | 更新状态，消息类型: CustomByteBlock, 内容: {'data': '111111sadasd'}
14:51:27 | INFO     | CoreService | core_service.py:50 | 更新状态，消息类型: CustomByteBlock, 内容: {'data': '1111'}
14:51:31 | INFO     | CoreService | core_service.py:50 | 更新状态，消息类型: CustomByteBlock, 内容: {'data': '11111w=='}
14:51:47 | INFO     | CoreService | core_service.py:50 | 更新状态，消息类型: CustomByteBlock, 内容: {'data': '22222222220='}
14:52:01 | INFO     | CoreService | core_service.py:50 | 更新状态，消息类型: CustomByteBlock, 内容: {'data': 'aaaaabbbbbbb'}
14:52:03 | INFO     | CoreService | core_service.py:50 | 更新状态，消息类型: CustomByteBlock, 内容: {'data': 'aaaaabbbbbbb'}
14:52:06 | INFO     | CoreService | core_service.py:50 | 更新状态，消息类型: CustomByteBlock, 内容: {'data': 'aaaaabbbbbbb1111'}
15:27:08 | INFO     | CoreService | core_service.py:50 | 更新状态，消息类型: TechCoreMotionStateSync, 内容: {'status': 1}
15:27:15 | INFO     | CoreService | core_service.py:50 | 更新状态，消息类型: TechCoreMotionStateSync, 内容: {'maximum_difficulty_level': 1, 'status': 1}
15:27:21 | INFO     | CoreService | core_service.py:50 | 更新状态，消息类型: RobotPerformanceSelectionSync, 内容: {'shooter': 1, 'chassis': 1}
15:27:25 | INFO     | CoreService | core_service.py:50 | 更新状态，消息类型: DeployModeStatusSync, 内容: {'status': 1}
15:27:34 | INFO     | CoreService | core_service.py:50 | 更新状态，消息类型: RuneStatusSync, 内容: {'rune_status': 2, 'activated_arms': 1, 'average_rings': 1}
15:31:07 | INFO     | CoreService | core_service.py:61 | CoreService 已在后台启动（非阻塞模式）
15:31:07 | INFO     | CoreService | core_service.py:44 | 成功发布消息，主题: AssemblyCommand, 内容: b'\x08\x01\x10\x02'
15:31:07 | INFO     | CoreService | core_service.py:127 | 测试发布完成，topic=AssemblyCommand
15:31:07 | INFO     | CoreService | core_service.py:44 | 成功发布消息，主题: CommonCommand, 内容: b'\x08\x03'
15:31:07 | INFO     | CoreService | core_service.py:127 | 测试发布完成，topic=CommonCommand
15:31:07 | ERROR    | CoreService | core_service.py:46 | 发布消息时发生错误，主题: MapClickInfoNotify, 错误: expected bytes, str found
15:31:07 | ERROR    | CoreService | core_service.py:129 | 测试发布失败，topic=MapClickInfoNotify, error=expected bytes, str found
15:31:07 | ERROR    | CoreService | core_service.py:46 | 发布消息时发生错误，主题: CustomControl, 错误: expected bytes, str found
15:31:07 | ERROR    | CoreService | core_service.py:129 | 测试发布失败，topic=CustomControl, error=expected bytes, str found
15:34:26 | INFO     | CoreService | core_service.py:61 | CoreService 已在后台启动（非阻塞模式）
15:34:26 | INFO     | CoreService | core_service.py:44 | 成功发布消息，主题: AssemblyCommand, 内容: b'\x08\x01\x10\x02'
15:34:26 | INFO     | CoreService | core_service.py:127 | 测试发布完成，topic=AssemblyCommand
15:34:26 | INFO     | CoreService | core_service.py:44 | 成功发布消息，主题: CommonCommand, 内容: b'\x08\x03'
15:34:26 | INFO     | CoreService | core_service.py:127 | 测试发布完成，topic=CommonCommand
15:34:26 | INFO     | CoreService | core_service.py:44 | 成功发布消息，主题: MapClickInfoNotify, 内容: b'\x12\x07\x01\x02\x00\x00\x00\x00\x00\x18\x01 e(!0\x018\x80\x05@\xe8\x02M\x00\x00HAU\x00\x00\xc8@'
15:34:26 | INFO     | CoreService | core_service.py:127 | 测试发布完成，topic=MapClickInfoNotify
15:34:26 | INFO     | CoreService | core_service.py:44 | 成功发布消息，主题: CustomControl, 内容: b'\n\x0511111'
15:34:26 | INFO     | CoreService | core_service.py:127 | 测试发布完成，topic=CustomControl
15:47:35 | INFO     | CoreService | core_service.py:61 | CoreService 已在后台启动（非阻塞模式）
15:47:35 | INFO     | CoreService | core_service.py:44 | 成功发布消息，主题: AssemblyCommand, 内容: b'\x08\x01\x10\x02'
15:47:35 | INFO     | CoreService | core_service.py:127 | 测试发布完成，topic=AssemblyCommand
15:47:35 | INFO     | CoreService | core_service.py:44 | 成功发布消息，主题: CommonCommand, 内容: b'\x08\x03'
15:47:35 | INFO     | CoreService | core_service.py:127 | 测试发布完成，topic=CommonCommand
15:47:35 | INFO     | CoreService | core_service.py:44 | 成功发布消息，主题: MapClickInfoNotify, 内容: b'\x12\x07\x01\x02\x00\x00\x00\x00\x00\x18\x01 e(!0\x018\x80\x05@\xe8\x02M\x00\x00HAU\x00\x00\xc8@'
15:47:35 | INFO     | CoreService | core_service.py:127 | 测试发布完成，topic=MapClickInfoNotify
15:47:35 | INFO     | CoreService | core_service.py:44 | 成功发布消息，主题: CustomControl, 内容: b'\n\x0511111'
15:47:35 | INFO     | CoreService | core_service.py:127 | 测试发布完成，topic=CustomControl
15:47:55 | INFO     | CoreService | core_service.py:50 | 更新状态，消息类型: GameStatus, 内容: {'current_round': 222, 'total_rounds': 2, 'blue_score': 2}
15:48:09 | INFO     | CoreService | core_service.py:50 | 更新状态，消息类型: GlobalUnitStatus, 内容: {'base_health': 333, 'robot_bullets': [1, 2, 3, 4]}
17:09:47 | INFO     | CoreService | core_service.py:59 | CoreService 已在后台启动（非阻塞模式）
17:09:48 | INFO     | CoreService | core_service.py:42 | 成功发布消息，主题: AssemblyCommand, 内容: b'\x08\x01\x10\x02'
17:09:48 | INFO     | CoreService | core_service.py:125 | 测试发布完成，topic=AssemblyCommand
17:09:48 | INFO     | CoreService | core_service.py:42 | 成功发布消息，主题: CommonCommand, 内容: b'\x08\x03'
17:09:48 | INFO     | CoreService | core_service.py:125 | 测试发布完成，topic=CommonCommand
17:09:48 | INFO     | CoreService | core_service.py:42 | 成功发布消息，主题: MapClickInfoNotify, 内容: b'\x12\x07\x01\x02\x00\x00\x00\x00\x00\x18\x01 e(!0\x018\x80\x05@\xe8\x02M\x00\x00HAU\x00\x00\xc8@'
17:09:48 | INFO     | CoreService | core_service.py:125 | 测试发布完成，topic=MapClickInfoNotify
17:09:48 | INFO     | CoreService | core_service.py:42 | 成功发布消息，主题: CustomControl, 内容: b'\n\x0511111'
17:09:48 | INFO     | CoreService | core_service.py:125 | 测试发布完成，topic=CustomControl
17:10:07 | INFO     | CoreService | core_service.py:48 | 更新状态，消息类型: GameStatus, 内容: {'current_round': 222, 'total_rounds': 2, 'red_score': 111, 'blue_score': 2, 'current_stage': 1}
17:11:20 | INFO     | CoreService | core_service.py:48 | 更新状态，消息类型: GlobalUnitStatus, 内容: {'base_health': 333, 'outpost_status': 2, 'robot_health': [2, 5, 8], 'robot_bullets': [1, 2, 3, 4]}
17:30:50 | INFO     | CoreService | core_service.py:59 | CoreService 已在后台启动（非阻塞模式）
17:30:50 | INFO     | CoreService | core_service.py:42 | 成功发布消息，主题: AssemblyCommand, 内容: b'\x08\x01\x10\x02'
17:30:50 | INFO     | CoreService | core_service.py:125 | 测试发布完成，topic=AssemblyCommand
17:30:50 | INFO     | CoreService | core_service.py:42 | 成功发布消息，主题: CommonCommand, 内容: b'\x08\x03'
17:30:50 | INFO     | CoreService | core_service.py:125 | 测试发布完成，topic=CommonCommand
17:30:50 | INFO     | CoreService | core_service.py:42 | 成功发布消息，主题: MapClickInfoNotify, 内容: b'\x12\x07\x01\x02\x00\x00\x00\x00\x00\x18\x01 e(!0\x018\x80\x05@\xe8\x02M\x00\x00HAU\x00\x00\xc8@'
17:30:50 | INFO     | CoreService | core_service.py:125 | 测试发布完成，topic=MapClickInfoNotify
17:30:50 | INFO     | CoreService | core_service.py:42 | 成功发布消息，主题: CustomControl, 内容: b'\n\x0511111'
17:30:50 | INFO     | CoreService | core_service.py:125 | 测试发布完成，topic=CustomControl
17:31:03 | INFO     | CoreService | core_service.py:48 | 更新状态，消息类型: GameStatus, 内容: {'current_round': 222, 'total_rounds': 2, 'red_score': 111, 'blue_score': 2, 'current_stage': 1}
17:31:18 | INFO     | CoreService | core_service.py:59 | CoreService 已在后台启动（非阻塞模式）
17:31:19 | INFO     | CoreService | core_service.py:42 | 成功发布消息，主题: AssemblyCommand, 内容: b'\x08\x01\x10\x02'
17:31:19 | INFO     | CoreService | core_service.py:125 | 测试发布完成，topic=AssemblyCommand
17:31:19 | INFO     | CoreService | core_service.py:42 | 成功发布消息，主题: CommonCommand, 内容: b'\x08\x03'
17:31:19 | INFO     | CoreService | core_service.py:125 | 测试发布完成，topic=CommonCommand
17:31:19 | INFO     | CoreService | core_service.py:42 | 成功发布消息，主题: MapClickInfoNotify, 内容: b'\x12\x07\x01\x02\x00\x00\x00\x00\x00\x18\x01 e(!0\x018\x80\x05@\xe8\x02M\x00\x00HAU\x00\x00\xc8@'
17:31:19 | INFO     | CoreService | core_service.py:125 | 测试发布完成，topic=MapClickInfoNotify
17:31:19 | INFO     | CoreService | core_service.py:42 | 成功发布消息，主题: CustomControl, 内容: b'\n\x0511111'
17:31:19 | INFO     | CoreService | core_service.py:125 | 测试发布完成，topic=CustomControl
17:31:34 | INFO     | CoreService | core_service.py:59 | CoreService 已在后台启动（非阻塞模式）
17:31:35 | INFO     | CoreService | core_service.py:42 | 成功发布消息，主题: AssemblyCommand, 内容: b'\x08\x01\x10\x02'
17:31:35 | INFO     | CoreService | core_service.py:125 | 测试发布完成，topic=AssemblyCommand
17:31:35 | INFO     | CoreService | core_service.py:42 | 成功发布消息，主题: CommonCommand, 内容: b'\x08\x03'
17:31:35 | INFO     | CoreService | core_service.py:125 | 测试发布完成，topic=CommonCommand
17:31:35 | INFO     | CoreService | core_service.py:42 | 成功发布消息，主题: MapClickInfoNotify, 内容: b'\x12\x07\x01\x02\x00\x00\x00\x00\x00\x18\x01 e(!0\x018\x80\x05@\xe8\x02M\x00\x00HAU\x00\x00\xc8@'
17:31:35 | INFO     | CoreService | core_service.py:125 | 测试发布完成，topic=MapClickInfoNotify
17:31:35 | INFO     | CoreService | core_service.py:42 | 成功发布消息，主题: CustomControl, 内容: b'\n\x0511111'
17:31:35 | INFO     | CoreService | core_service.py:125 | 测试发布完成，topic=CustomControl
17:32:03 | INFO     | CoreService | core_service.py:59 | CoreService 已在后台启动（非阻塞模式）
17:35:37 | INFO     | CoreService | core_service.py:59 | CoreService 已在后台启动（非阻塞模式）
17:39:07 | INFO     | CoreService | core_service.py:59 | CoreService 已在后台启动（非阻塞模式）
17:49:41 | INFO     | CoreService | core_service.py:59 | CoreService 已在后台启动（非阻塞模式）
17:50:17 | INFO     | CoreService | core_service.py:60 | CoreService 已在后台启动（非阻塞模式）
20:59:57 | INFO     | CoreService | core_service.py:61 | 未检测到吊射模式，启用UDP图传数据源
20:59:58 | INFO     | CoreService | core_service.py:58 | 检测到吊射模式，启用MQTT图传数据源
20:59:59 | INFO     | CoreService | core_service.py:58 | 检测到吊射模式，启用MQTT图传数据源
21:00:42 | INFO     | CoreService | core_service.py:61 | 未检测到吊射模式，启用UDP图传数据源
21:00:43 | INFO     | CoreService | core_service.py:58 | 检测到吊射模式，启用MQTT图传数据源
21:00:44 | INFO     | CoreService | core_service.py:58 | 检测到吊射模式，启用MQTT图传数据源
21:00:45 | INFO     | CoreService | core_service.py:58 | 检测到吊射模式，启用MQTT图传数据源
21:00:46 | INFO     | CoreService | core_service.py:58 | 检测到吊射模式，启用MQTT图传数据源
21:00:47 | INFO     | CoreService | core_service.py:58 | 检测到吊射模式，启用MQTT图传数据源
21:00:48 | INFO     | CoreService | core_service.py:58 | 检测到吊射模式，启用MQTT图传数据源
21:00:49 | INFO     | CoreService | core_service.py:58 | 检测到吊射模式，启用MQTT图传数据源
21:00:50 | INFO     | CoreService | core_service.py:58 | 检测到吊射模式，启用MQTT图传数据源
21:00:51 | INFO     | CoreService | core_service.py:58 | 检测到吊射模式，启用MQTT图传数据源
21:00:52 | INFO     | CoreService | core_service.py:58 | 检测到吊射模式，启用MQTT图传数据源
21:00:53 | INFO     | CoreService | core_service.py:58 | 检测到吊射模式，启用MQTT图传数据源
21:00:54 | INFO     | CoreService | core_service.py:58 | 检测到吊射模式，启用MQTT图传数据源
21:00:55 | INFO     | CoreService | core_service.py:58 | 检测到吊射模式，启用MQTT图传数据源
21:00:56 | INFO     | CoreService | core_service.py:58 | 检测到吊射模式，启用MQTT图传数据源
21:00:57 | INFO     | CoreService | core_service.py:58 | 检测到吊射模式，启用MQTT图传数据源
21:00:58 | INFO     | CoreService | core_service.py:58 | 检测到吊射模式，启用MQTT图传数据源
21:01:58 | INFO     | CoreService | core_service.py:61 | 未检测到吊射模式，启用UDP图传数据源
21:01:59 | INFO     | CoreService | core_service.py:58 | 检测到吊射模式，启用MQTT图传数据源
21:02:00 | INFO     | CoreService | core_service.py:58 | 检测到吊射模式，启用MQTT图传数据源
21:02:16 | INFO     | CoreService | core_service.py:61 | 未检测到吊射模式，启用UDP图传数据源
21:02:17 | INFO     | CoreService | core_service.py:58 | 检测到吊射模式，启用MQTT图传数据源
21:02:18 | INFO     | CoreService | core_service.py:58 | 检测到吊射模式，启用MQTT图传数据源
21:02:19 | INFO     | CoreService | core_service.py:58 | 检测到吊射模式，启用MQTT图传数据源
21:02:20 | INFO     | CoreService | core_service.py:58 | 检测到吊射模式，启用MQTT图传数据源
21:02:21 | INFO     | CoreService | core_service.py:58 | 检测到吊射模式，启用MQTT图传数据源
21:03:40 | INFO     | CoreService | core_service.py:61 | 未检测到吊射模式，启用UDP图传数据源
21:03:41 | INFO     | CoreService | core_service.py:58 | 检测到吊射模式，启用MQTT图传数据源
21:04:28 | INFO     | CoreService | core_service.py:61 | 未检测到吊射模式，启用UDP图传数据源
21:04:29 | INFO     | CoreService | core_service.py:58 | 检测到吊射模式，启用MQTT图传数据源
21:04:30 | INFO     | CoreService | core_service.py:58 | 检测到吊射模式，启用MQTT图传数据源
21:04:31 | INFO     | CoreService | core_service.py:58 | 检测到吊射模式，启用MQTT图传数据源
21:04:32 | INFO     | CoreService | core_service.py:58 | 检测到吊射模式，启用MQTT图传数据源
21:04:33 | INFO     | CoreService | core_service.py:58 | 检测到吊射模式，启用MQTT图传数据源
21:04:34 | INFO     | CoreService | core_service.py:58 | 检测到吊射模式，启用MQTT图传数据源
21:08:49 | INFO     | CoreService | core_service.py:70 | 吊射模式状态未变化，当前状态: 非吊射
21:08:50 | INFO     | CoreService | core_service.py:61 | 检测到吊射模式，启用MQTT图传数据源
21:08:50 | INFO     | CoreService | core_service.py:70 | 吊射模式状态未变化，当前状态: 吊射
21:08:51 | INFO     | CoreService | core_service.py:70 | 吊射模式状态未变化，当前状态: 吊射
21:08:52 | INFO     | CoreService | core_service.py:70 | 吊射模式状态未变化，当前状态: 吊射
21:08:53 | INFO     | CoreService | core_service.py:70 | 吊射模式状态未变化，当前状态: 吊射
21:08:54 | INFO     | CoreService | core_service.py:70 | 吊射模式状态未变化，当前状态: 吊射
21:13:12 | INFO     | CoreService | core_service.py:91 | CoreService 已在后台启动（非阻塞模式）
21:13:13 | INFO     | CoreService | core_service.py:61 | 检测到吊射模式，启用MQTT图传数据源
21:15:00 | INFO     | CoreService | core_service.py:92 | CoreService 已在后台启动（非阻塞模式）
21:15:39 | INFO     | CoreService | core_service.py:58 | None
21:15:39 | INFO     | CoreService | core_service.py:92 | CoreService 已在后台启动（非阻塞模式）
21:15:40 | INFO     | CoreService | core_service.py:58 | None
21:15:41 | INFO     | CoreService | core_service.py:58 | None
21:15:42 | INFO     | CoreService | core_service.py:58 | None
21:15:43 | INFO     | CoreService | core_service.py:58 | None
21:15:44 | INFO     | CoreService | core_service.py:58 | None
21:15:45 | INFO     | CoreService | core_service.py:58 | None
21:15:46 | INFO     | CoreService | core_service.py:58 | None
21:15:47 | INFO     | CoreService | core_service.py:58 | None
21:15:48 | INFO     | CoreService | core_service.py:58 | None
21:15:49 | INFO     | CoreService | core_service.py:58 | None
21:15:50 | INFO     | CoreService | core_service.py:58 | None
21:15:51 | INFO     | CoreService | core_service.py:58 | None
21:15:52 | INFO     | CoreService | core_service.py:58 | None
21:15:53 | INFO     | CoreService | core_service.py:58 | None
21:15:54 | INFO     | CoreService | core_service.py:58 | None
21:16:01 | INFO     | CoreService | core_service.py:58 | None
21:16:01 | INFO     | CoreService | core_service.py:92 | CoreService 已在后台启动（非阻塞模式）
21:16:03 | INFO     | CoreService | core_service.py:58 | None
21:16:04 | INFO     | CoreService | core_service.py:58 | None
21:16:05 | INFO     | CoreService | core_service.py:58 | None
21:16:06 | INFO     | CoreService | core_service.py:58 | None
21:16:07 | INFO     | CoreService | core_service.py:58 | None
21:16:08 | INFO     | CoreService | core_service.py:92 | CoreService 已在后台启动（非阻塞模式）
21:17:09 | INFO     | CoreService | core_service.py:92 | CoreService 已在后台启动（非阻塞模式）
21:17:14 | INFO     | CoreService | core_service.py:62 | 检测到吊射模式，启用MQTT图传数据源
21:17:30 | INFO     | CoreService | core_service.py:58 | None
21:17:30 | INFO     | CoreService | core_service.py:92 | CoreService 已在后台启动（非阻塞模式）
21:17:31 | INFO     | CoreService | core_service.py:58 | None
21:17:32 | INFO     | CoreService | core_service.py:58 | None
21:17:33 | INFO     | CoreService | core_service.py:58 | None
21:17:34 | INFO     | CoreService | core_service.py:58 | None
21:17:35 | INFO     | CoreService | core_service.py:58 | None
21:17:36 | INFO     | CoreService | core_service.py:58 | None
21:17:37 | INFO     | CoreService | core_service.py:58 | None
21:17:38 | INFO     | CoreService | core_service.py:58 | 1
21:17:38 | INFO     | CoreService | core_service.py:62 | 检测到吊射模式，启用MQTT图传数据源
21:17:39 | INFO     | CoreService | core_service.py:58 | 1
21:17:40 | INFO     | CoreService | core_service.py:58 | 1
21:17:41 | INFO     | CoreService | core_service.py:58 | 1
21:17:42 | INFO     | CoreService | core_service.py:58 | 1
21:17:43 | INFO     | CoreService | core_service.py:58 | 1
21:17:44 | INFO     | CoreService | core_service.py:58 | 1
21:17:45 | INFO     | CoreService | core_service.py:58 | 1
21:17:46 | INFO     | CoreService | core_service.py:58 | 1
21:17:47 | INFO     | CoreService | core_service.py:58 | 1
21:17:48 | INFO     | CoreService | core_service.py:58 | 1
21:17:50 | INFO     | CoreService | core_service.py:58 | 1
21:17:51 | INFO     | CoreService | core_service.py:58 | 1
21:17:52 | INFO     | CoreService | core_service.py:58 | 1
21:17:53 | INFO     | CoreService | core_service.py:58 | 1
21:17:54 | INFO     | CoreService | core_service.py:58 | 1
21:17:55 | INFO     | CoreService | core_service.py:58 | 1
21:17:56 | INFO     | CoreService | core_service.py:58 | 1
21:17:57 | INFO     | CoreService | core_service.py:58 | 1
21:17:58 | INFO     | CoreService | core_service.py:58 | 1
21:17:59 | INFO     | CoreService | core_service.py:58 | 1
21:18:00 | INFO     | CoreService | core_service.py:58 | 1
21:18:01 | INFO     | CoreService | core_service.py:58 | 1
21:18:02 | INFO     | CoreService | core_service.py:58 | 1
21:18:03 | INFO     | CoreService | core_service.py:58 | 1
21:18:04 | INFO     | CoreService | core_service.py:58 | 1
21:18:05 | INFO     | CoreService | core_service.py:58 | 1
21:18:06 | INFO     | CoreService | core_service.py:58 | 1
21:18:07 | INFO     | CoreService | core_service.py:58 | 1
21:18:08 | INFO     | CoreService | core_service.py:58 | 1
21:18:09 | INFO     | CoreService | core_service.py:58 | 1
21:18:10 | INFO     | CoreService | core_service.py:58 | 1
21:18:11 | INFO     | CoreService | core_service.py:58 | 1
21:18:12 | INFO     | CoreService | core_service.py:58 | 1
21:18:13 | INFO     | CoreService | core_service.py:58 | 1
21:18:14 | INFO     | CoreService | core_service.py:58 | 1
21:18:15 | INFO     | CoreService | core_service.py:58 | 1
21:18:16 | INFO     | CoreService | core_service.py:58 | 1
21:18:17 | INFO     | CoreService | core_service.py:58 | 1
21:18:18 | INFO     | CoreService | core_service.py:58 | 1
21:18:19 | INFO     | CoreService | core_service.py:58 | 1
21:18:20 | INFO     | CoreService | core_service.py:58 | 1
21:18:21 | INFO     | CoreService | core_service.py:58 | 1
21:18:22 | INFO     | CoreService | core_service.py:58 | 1
21:18:23 | INFO     | CoreService | core_service.py:58 | 1
21:18:24 | INFO     | CoreService | core_service.py:58 | 1
21:18:25 | INFO     | CoreService | core_service.py:58 | 1
21:18:26 | INFO     | CoreService | core_service.py:58 | 1
21:18:27 | INFO     | CoreService | core_service.py:58 | 1
21:18:28 | INFO     | CoreService | core_service.py:58 | 1
21:18:29 | INFO     | CoreService | core_service.py:58 | 1
21:18:30 | INFO     | CoreService | core_service.py:58 | 1
21:18:31 | INFO     | CoreService | core_service.py:58 | 1
21:18:32 | INFO     | CoreService | core_service.py:58 | 1
21:18:33 | INFO     | CoreService | core_service.py:58 | 1
21:18:34 | INFO     | CoreService | core_service.py:58 | 1
21:18:35 | INFO     | CoreService | core_service.py:58 | 1
21:18:36 | INFO     | CoreService | core_service.py:58 | 1
21:18:37 | INFO     | CoreService | core_service.py:58 | 1
21:18:38 | INFO     | CoreService | core_service.py:58 | 1
21:18:39 | INFO     | CoreService | core_service.py:58 | 1
21:18:40 | INFO     | CoreService | core_service.py:58 | 1
21:18:41 | INFO     | CoreService | core_service.py:58 | 1
21:18:42 | INFO     | CoreService | core_service.py:58 | 1
21:18:43 | INFO     | CoreService | core_service.py:58 | 1
21:18:44 | INFO     | CoreService | core_service.py:58 | 1
21:18:45 | INFO     | CoreService | core_service.py:58 | 1
21:18:46 | INFO     | CoreService | core_service.py:58 | 1
21:18:47 | INFO     | CoreService | core_service.py:58 | 1
21:18:48 | INFO     | CoreService | core_service.py:58 | 1
21:18:49 | INFO     | CoreService | core_service.py:58 | 1
21:18:50 | INFO     | CoreService | core_service.py:58 | 1
21:19:20 | INFO     | CoreService | core_service.py:92 | CoreService 已在后台启动（非阻塞模式）
21:19:40 | INFO     | CoreService | core_service.py:92 | CoreService 已在后台启动（非阻塞模式）
21:19:58 | INFO     | CoreService | core_service.py:62 | 检测到吊射模式，启用MQTT图传数据源
21:20:16 | INFO     | CoreService | core_service.py:92 | CoreService 已在后台启动（非阻塞模式）
21:20:17 | INFO     | CoreService | core_service.py:62 | 检测到吊射模式，启用MQTT图传数据源
21:50:48 | INFO     | CoreService | core_service.py:92 | CoreService 已在后台启动（非阻塞模式）
21:53:46 | INFO     | CoreService | core_service.py:92 | CoreService 已在后台启动（非阻塞模式）
21:54:37 | INFO     | CoreService | core_service.py:58 | None
21:54:37 | INFO     | CoreService | core_service.py:92 | CoreService 已在后台启动（非阻塞模式）
21:54:38 | INFO     | CoreService | core_service.py:58 | 0
21:54:39 | INFO     | CoreService | core_service.py:58 | 0
21:54:40 | INFO     | CoreService | core_service.py:58 | 0
21:54:41 | INFO     | CoreService | core_service.py:58 | 0
21:54:42 | INFO     | CoreService | core_service.py:58 | 0
21:54:43 | INFO     | CoreService | core_service.py:58 | 0
21:54:44 | INFO     | CoreService | core_service.py:58 | 0
21:54:45 | INFO     | CoreService | core_service.py:58 | 0
21:54:46 | INFO     | CoreService | core_service.py:58 | 0
21:54:47 | INFO     | CoreService | core_service.py:58 | 1
21:54:47 | INFO     | CoreService | core_service.py:62 | 检测到吊射模式，启用MQTT图传数据源
21:54:48 | INFO     | CoreService | core_service.py:58 | 1
21:54:49 | INFO     | CoreService | core_service.py:58 | 1
21:54:50 | INFO     | CoreService | core_service.py:58 | 1
21:54:51 | INFO     | CoreService | core_service.py:58 | 1
21:54:52 | INFO     | CoreService | core_service.py:58 | 1
21:54:53 | INFO     | CoreService | core_service.py:58 | 1
21:54:54 | INFO     | CoreService | core_service.py:58 | 1
21:54:55 | INFO     | CoreService | core_service.py:58 | 1
21:54:56 | INFO     | CoreService | core_service.py:58 | 1
21:57:22 | INFO     | CoreService | core_service.py:58 | None
21:57:22 | INFO     | CoreService | core_service.py:94 | CoreService 已在后台启动（非阻塞模式）
21:57:22 | INFO     | CoreService | core_service.py:66 | 未检测到吊射模式，启用UDP图传数据源
21:57:23 | INFO     | CoreService | core_service.py:58 | 1
21:57:23 | INFO     | CoreService | core_service.py:62 | 检测到吊射模式，启用MQTT图传数据源
21:57:25 | INFO     | CoreService | core_service.py:58 | 1
21:57:26 | INFO     | CoreService | core_service.py:58 | 1
21:57:27 | INFO     | CoreService | core_service.py:58 | 1
21:57:28 | INFO     | CoreService | core_service.py:58 | 1
21:57:29 | INFO     | CoreService | core_service.py:58 | 1
21:57:30 | INFO     | CoreService | core_service.py:58 | 1
21:57:31 | INFO     | CoreService | core_service.py:58 | 1
21:57:32 | INFO     | CoreService | core_service.py:58 | 1
21:57:33 | INFO     | CoreService | core_service.py:58 | 1
21:57:34 | INFO     | CoreService | core_service.py:58 | 1
21:57:35 | INFO     | CoreService | core_service.py:58 | 1
21:57:36 | INFO     | CoreService | core_service.py:58 | 1
21:57:37 | INFO     | CoreService | core_service.py:58 | 1
21:57:38 | INFO     | CoreService | core_service.py:58 | 0
21:57:38 | INFO     | CoreService | core_service.py:66 | 未检测到吊射模式，启用UDP图传数据源
21:57:40 | INFO     | CoreService | core_service.py:58 | 0
21:57:41 | INFO     | CoreService | core_service.py:58 | 0
21:57:42 | INFO     | CoreService | core_service.py:58 | 0
21:57:43 | INFO     | CoreService | core_service.py:58 | 0
21:57:44 | INFO     | CoreService | core_service.py:58 | 0
21:57:45 | INFO     | CoreService | core_service.py:58 | 0
21:57:46 | INFO     | CoreService | core_service.py:58 | 0
21:57:47 | INFO     | CoreService | core_service.py:58 | 1
21:57:47 | INFO     | CoreService | core_service.py:62 | 检测到吊射模式，启用MQTT图传数据源
21:57:49 | INFO     | CoreService | core_service.py:58 | 1
21:57:50 | INFO     | CoreService | core_service.py:58 | 1
21:57:51 | INFO     | CoreService | core_service.py:58 | 1
21:57:52 | INFO     | CoreService | core_service.py:58 | 1
21:57:53 | INFO     | CoreService | core_service.py:58 | 1
21:57:54 | INFO     | CoreService | core_service.py:58 | 1
21:57:55 | INFO     | CoreService | core_service.py:58 | 1
21:57:56 | INFO     | CoreService | core_service.py:58 | 1
21:57:57 | INFO     | CoreService | core_service.py:58 | 1
21:57:58 | INFO     | CoreService | core_service.py:58 | 1
21:57:59 | INFO     | CoreService | core_service.py:58 | 1
21:58:00 | INFO     | CoreService | core_service.py:58 | 1
21:58:01 | INFO     | CoreService | core_service.py:58 | 1
21:58:02 | INFO     | CoreService | core_service.py:58 | 1
21:58:03 | INFO     | CoreService | core_service.py:58 | 1
21:58:04 | INFO     | CoreService | core_service.py:58 | 1
21:58:05 | INFO     | CoreService | core_service.py:58 | 1
21:58:06 | INFO     | CoreService | core_service.py:58 | 1
21:58:07 | INFO     | CoreService | core_service.py:58 | 1
21:58:08 | INFO     | CoreService | core_service.py:58 | 1
21:58:09 | INFO     | CoreService | core_service.py:58 | 1
21:58:10 | INFO     | CoreService | core_service.py:58 | 1
21:58:11 | INFO     | CoreService | core_service.py:58 | 1
21:58:12 | INFO     | CoreService | core_service.py:58 | 1
21:58:13 | INFO     | CoreService | core_service.py:58 | 1
21:58:14 | INFO     | CoreService | core_service.py:58 | 1
21:58:15 | INFO     | CoreService | core_service.py:58 | 1
21:58:16 | INFO     | CoreService | core_service.py:58 | 1
21:58:17 | INFO     | CoreService | core_service.py:58 | 1
21:58:18 | INFO     | CoreService | core_service.py:58 | 1
21:58:19 | INFO     | CoreService | core_service.py:58 | 1
21:58:20 | INFO     | CoreService | core_service.py:58 | 1
21:58:21 | INFO     | CoreService | core_service.py:58 | 1
21:58:22 | INFO     | CoreService | core_service.py:58 | 1
21:58:23 | INFO     | CoreService | core_service.py:58 | 1
21:58:24 | INFO     | CoreService | core_service.py:58 | 1
21:58:25 | INFO     | CoreService | core_service.py:58 | 1
21:58:26 | INFO     | CoreService | core_service.py:58 | 1
21:58:27 | INFO     | CoreService | core_service.py:58 | 1
21:58:28 | INFO     | CoreService | core_service.py:58 | 1
21:58:29 | INFO     | CoreService | core_service.py:58 | 1
21:58:30 | INFO     | CoreService | core_service.py:58 | 1
21:58:31 | INFO     | CoreService | core_service.py:58 | 1
21:58:32 | INFO     | CoreService | core_service.py:58 | 1
21:58:33 | INFO     | CoreService | core_service.py:58 | 1
21:58:34 | INFO     | CoreService | core_service.py:58 | 1
21:58:35 | INFO     | CoreService | core_service.py:58 | 1
21:58:36 | INFO     | CoreService | core_service.py:58 | 1
21:58:37 | INFO     | CoreService | core_service.py:58 | 1
21:58:38 | INFO     | CoreService | core_service.py:58 | 1
21:58:39 | INFO     | CoreService | core_service.py:58 | 1
21:58:40 | INFO     | CoreService | core_service.py:58 | 1
21:58:41 | INFO     | CoreService | core_service.py:58 | 1
21:58:42 | INFO     | CoreService | core_service.py:58 | 1
21:58:43 | INFO     | CoreService | core_service.py:58 | 1
21:58:44 | INFO     | CoreService | core_service.py:58 | 1
21:58:45 | INFO     | CoreService | core_service.py:58 | 1
21:58:46 | INFO     | CoreService | core_service.py:58 | 1
21:58:47 | INFO     | CoreService | core_service.py:58 | 1
21:58:48 | INFO     | CoreService | core_service.py:58 | 1
21:58:49 | INFO     | CoreService | core_service.py:58 | 1
21:58:50 | INFO     | CoreService | core_service.py:58 | 1
21:58:51 | INFO     | CoreService | core_service.py:58 | 1
21:58:52 | INFO     | CoreService | core_service.py:58 | 1
21:58:53 | INFO     | CoreService | core_service.py:58 | 1
21:58:54 | INFO     | CoreService | core_service.py:58 | 1
21:58:55 | INFO     | CoreService | core_service.py:58 | 1
21:58:56 | INFO     | CoreService | core_service.py:58 | 1
21:58:57 | INFO     | CoreService | core_service.py:58 | 1
21:58:58 | INFO     | CoreService | core_service.py:58 | 1
21:58:59 | INFO     | CoreService | core_service.py:58 | 1
21:59:00 | INFO     | CoreService | core_service.py:58 | 1
21:59:01 | INFO     | CoreService | core_service.py:58 | 1
21:59:02 | INFO     | CoreService | core_service.py:58 | 1
21:59:04 | INFO     | CoreService | core_service.py:58 | 1
21:59:05 | INFO     | CoreService | core_service.py:58 | 1
21:59:06 | INFO     | CoreService | core_service.py:58 | 1
21:59:07 | INFO     | CoreService | core_service.py:58 | 1
21:59:08 | INFO     | CoreService | core_service.py:58 | 1
21:59:09 | INFO     | CoreService | core_service.py:58 | 1
21:59:10 | INFO     | CoreService | core_service.py:58 | 1
21:59:11 | INFO     | CoreService | core_service.py:58 | 1
21:59:12 | INFO     | CoreService | core_service.py:58 | 1
21:59:13 | INFO     | CoreService | core_service.py:58 | 1
21:59:14 | INFO     | CoreService | core_service.py:58 | 1
21:59:15 | INFO     | CoreService | core_service.py:58 | 1
21:59:16 | INFO     | CoreService | core_service.py:58 | 1
21:59:17 | INFO     | CoreService | core_service.py:58 | 1
21:59:18 | INFO     | CoreService | core_service.py:58 | 1
21:59:19 | INFO     | CoreService | core_service.py:58 | 1
21:59:20 | INFO     | CoreService | core_service.py:58 | 1
21:59:21 | INFO     | CoreService | core_service.py:58 | 1
21:59:22 | INFO     | CoreService | core_service.py:58 | 1
21:59:23 | INFO     | CoreService | core_service.py:58 | 1
21:59:24 | INFO     | CoreService | core_service.py:58 | 1
21:59:25 | INFO     | CoreService | core_service.py:58 | 1
21:59:26 | INFO     | CoreService | core_service.py:58 | 1
21:59:27 | INFO     | CoreService | core_service.py:58 | 1
21:59:28 | INFO     | CoreService | core_service.py:58 | 1
21:59:29 | INFO     | CoreService | core_service.py:58 | 1
21:59:30 | INFO     | CoreService | core_service.py:58 | 1
21:59:31 | INFO     | CoreService | core_service.py:58 | 1
22:00:46 | INFO     | CoreService | core_service.py:66 | 未检测到吊射模式，启用UDP图传数据源
22:00:46 | INFO     | CoreService | core_service.py:94 | CoreService 已在后台启动（非阻塞模式）
22:00:47 | INFO     | CoreService | core_service.py:62 | 检测到吊射模式，启用MQTT图传数据源
22:01:12 | INFO     | CoreService | core_service.py:66 | 未检测到吊射模式，启用UDP图传数据源
22:02:17 | INFO     | CoreService | core_service.py:66 | 未检测到吊射模式，启用UDP图传数据源
22:02:17 | INFO     | CoreService | core_service.py:94 | CoreService 已在后台启动（非阻塞模式）
22:02:35 | INFO     | CoreService | core_service.py:62 | 检测到吊射模式，启用MQTT图传数据源
22:06:02 | INFO     | CoreService | core_service.py:66 | 未检测到吊射模式，启用UDP图传数据源
22:06:02 | INFO     | CoreService | core_service.py:94 | CoreService 已在后台启动（非阻塞模式）
22:06:03 | INFO     | CoreService | core_service.py:62 | 检测到吊射模式，启用MQTT图传数据源
22:06:18 | INFO     | CoreService | core_service.py:66 | 未检测到吊射模式，启用UDP图传数据源
22:08:03 | INFO     | CoreService | core_service.py:66 | 未检测到吊射模式，启用UDP图传数据源
22:08:03 | INFO     | CoreService | core_service.py:94 | CoreService 已在后台启动（非阻塞模式）
22:08:03 | DEBUG    | CoreService | core_service.py:50 | 更新状态，消息类型: CustomByteBlock, 内容: {'data': 'aaaaaaaaaaaacccccccccccccQ=='}
22:08:03 | DEBUG    | CoreService | core_service.py:50 | 更新状态，消息类型: CustomByteBlock, 内容: {'data': 'aaaaaaaaaaaacccccccccccccQ=='}
22:08:03 | DEBUG    | CoreService | core_service.py:50 | 更新状态，消息类型: CustomByteBlock, 内容: {'data': 'aaaaaaaaaaaacccccccccccccQ=='}
22:08:03 | DEBUG    | CoreService | core_service.py:50 | 更新状态，消息类型: CustomByteBlock, 内容: {'data': 'aaaaaaaaaaaacccccccccccccQ=='}
22:08:03 | DEBUG    | CoreService | core_service.py:50 | 更新状态，消息类型: CustomByteBlock, 内容: {'data': 'aaaaaaaaaaaacccccccccccccQ=='}
22:08:03 | DEBUG    | CoreService | core_service.py:50 | 更新状态，消息类型: CustomByteBlock, 内容: {'data': 'aaaaaaaaaaaacccccccccccccQ=='}
22:08:03 | DEBUG    | CoreService | core_service.py:50 | 更新状态，消息类型: CustomByteBlock, 内容: {'data': 'aaaaaaaaaaaacccccccccccccQ=='}
22:08:03 | DEBUG    | CoreService | core_service.py:50 | 更新状态，消息类型: CustomByteBlock, 内容: {'data': 'aaaaaaaaaaaacccccccccccccQ=='}
22:08:03 | DEBUG    | CoreService | core_service.py:50 | 更新状态，消息类型: CustomByteBlock, 内容: {'data': 'aaaaaaaaaaaacccccccccccccQ=='}
22:08:03 | DEBUG    | CoreService | core_service.py:50 | 更新状态，消息类型: CustomByteBlock, 内容: {'data': 'aaaaaaaaaaaacccccccccccccQ=='}
22:08:03 | DEBUG    | CoreService | core_service.py:50 | 更新状态，消息类型: CustomByteBlock, 内容: {'data': 'aaaaaaaaaaaacccccccccccccQ=='}
22:08:04 | DEBUG    | CoreService | core_service.py:50 | 更新状态，消息类型: CustomByteBlock, 内容: {'data': 'aaaaaaaaaaaacccccccccccccQ=='}
22:08:04 | DEBUG    | CoreService | core_service.py:50 | 更新状态，消息类型: CustomByteBlock, 内容: {'data': 'aaaaaaaaaaaacccccccccccccQ=='}
22:08:04 | DEBUG    | CoreService | core_service.py:50 | 更新状态，消息类型: CustomByteBlock, 内容: {'data': 'aaaaaaaaaaaacccccccccccccQ=='}
22:08:04 | DEBUG    | CoreService | core_service.py:50 | 更新状态，消息类型: CustomByteBlock, 内容: {'data': 'aaaaaaaaaaaacccccccccccccQ=='}
22:08:04 | DEBUG    | CoreService | core_service.py:50 | 更新状态，消息类型: DeployModeStatusSync, 内容: {}
22:08:04 | DEBUG    | CoreService | core_service.py:50 | 更新状态，消息类型: CustomByteBlock, 内容: {'data': 'aaaaaaaaaaaacccccccccccccQ=='}
22:08:04 | DEBUG    | CoreService | core_service.py:50 | 更新状态，消息类型: CustomByteBlock, 内容: {'data': 'aaaaaaaaaaaacccccccccccccQ=='}
22:08:04 | DEBUG    | CoreService | core_service.py:50 | 更新状态，消息类型: CustomByteBlock, 内容: {'data': 'aaaaaaaaaaaacccccccccccccQ=='}
22:08:04 | DEBUG    | CoreService | core_service.py:50 | 更新状态，消息类型: CustomByteBlock, 内容: {'data': 'aaaaaaaaaaaacccccccccccccQ=='}
22:08:04 | DEBUG    | CoreService | core_service.py:50 | 更新状态，消息类型: CustomByteBlock, 内容: {'data': 'aaaaaaaaaaaacccccccccccccQ=='}
22:08:04 | DEBUG    | CoreService | core_service.py:50 | 更新状态，消息类型: CustomByteBlock, 内容: {'data': 'aaaaaaaaaaaacccccccccccccQ=='}
22:08:04 | DEBUG    | CoreService | core_service.py:50 | 更新状态，消息类型: CustomByteBlock, 内容: {'data': 'aaaaaaaaaaaacccccccccccccQ=='}
22:08:04 | DEBUG    | CoreService | core_service.py:50 | 更新状态，消息类型: CustomByteBlock, 内容: {'data': 'aaaaaaaaaaaacccccccccccccQ=='}
22:08:04 | DEBUG    | CoreService | core_service.py:50 | 更新状态，消息类型: CustomByteBlock, 内容: {'data': 'aaaaaaaaaaaacccccccccccccQ=='}
22:08:04 | DEBUG    | CoreService | core_service.py:50 | 更新状态，消息类型: CustomByteBlock, 内容: {'data': 'aaaaaaaaaaaacccccccccccccQ=='}
22:08:04 | DEBUG    | CoreService | core_service.py:50 | 更新状态，消息类型: CustomByteBlock, 内容: {'data': 'aaaaaaaaaaaacccccccccccccQ=='}
22:08:04 | DEBUG    | CoreService | core_service.py:50 | 更新状态，消息类型: CustomByteBlock, 内容: {'data': 'aaaaaaaaaaaacccccccccccccQ=='}
22:08:04 | DEBUG    | CoreService | core_service.py:50 | 更新状态，消息类型: CustomByteBlock, 内容: {'data': 'aaaaaaaaaaaacccccccccccccQ=='}
22:08:04 | DEBUG    | CoreService | core_service.py:50 | 更新状态，消息类型: CustomByteBlock, 内容: {'data': 'aaaaaaaaaaaacccccccccccccQ=='}
22:08:04 | DEBUG    | CoreService | core_service.py:50 | 更新状态，消息类型: CustomByteBlock, 内容: {'data': 'aaaaaaaaaaaacccccccccccccQ=='}
22:08:04 | DEBUG    | CoreService | core_service.py:50 | 更新状态，消息类型: CustomByteBlock, 内容: {'data': 'aaaaaaaaaaaacccccccccccccQ=='}
22:08:04 | DEBUG    | CoreService | core_service.py:50 | 更新状态，消息类型: CustomByteBlock, 内容: {'data': 'aaaaaaaaaaaacccccccccccccQ=='}
22:08:04 | DEBUG    | CoreService | core_service.py:50 | 更新状态，消息类型: CustomByteBlock, 内容: {'data': 'aaaaaaaaaaaacccccccccccccQ=='}
22:08:04 | DEBUG    | CoreService | core_service.py:72 | 吊射模式状态未变化，当前状态: 非吊射
22:08:04 | DEBUG    | CoreService | core_service.py:50 | 更新状态，消息类型: CustomByteBlock, 内容: {'data': 'aaaaaaaaaaaacccccccccccccQ=='}
22:08:04 | DEBUG    | CoreService | core_service.py:50 | 更新状态，消息类型: CustomByteBlock, 内容: {'data': 'aaaaaaaaaaaacccccccccccccQ=='}
22:08:04 | DEBUG    | CoreService | core_service.py:50 | 更新状态，消息类型: CustomByteBlock, 内容: {'data': 'aaaaaaaaaaaacccccccccccccQ=='}
22:08:04 | DEBUG    | CoreService | core_service.py:50 | 更新状态，消息类型: CustomByteBlock, 内容: {'data': 'aaaaaaaaaaaacccccccccccccQ=='}
22:08:04 | DEBUG    | CoreService | core_service.py:50 | 更新状态，消息类型: CustomByteBlock, 内容: {'data': 'aaaaaaaaaaaacccccccccccccQ=='}
22:08:04 | DEBUG    | CoreService | core_service.py:50 | 更新状态，消息类型: CustomByteBlock, 内容: {'data': 'aaaaaaaaaaaacccccccccccccQ=='}
22:08:04 | DEBUG    | CoreService | core_service.py:50 | 更新状态，消息类型: CustomByteBlock, 内容: {'data': 'aaaaaaaaaaaacccccccccccccQ=='}
22:08:04 | DEBUG    | CoreService | core_service.py:50 | 更新状态，消息类型: CustomByteBlock, 内容: {'data': 'aaaaaaaaaaaacccccccccccccQ=='}
22:09:12 | INFO     | CoreService | core_service.py:66 | 未检测到吊射模式，启用UDP图传数据源
22:09:12 | INFO     | CoreService | core_service.py:94 | CoreService 已在后台启动（非阻塞模式）
22:09:12 | DEBUG    | CoreService | core_service.py:50 | 更新状态，消息类型: CustomByteBlock, 内容: {'data': 'aaaaaaaaaaaacccccccccccccQ=='}
22:09:13 | DEBUG    | CoreService | core_service.py:50 | 更新状态，消息类型: CustomByteBlock, 内容: {'data': 'aaaaaaaaaaaacccccccccccccQ=='}
22:09:13 | DEBUG    | CoreService | core_service.py:50 | 更新状态，消息类型: CustomByteBlock, 内容: {'data': 'aaaaaaaaaaaacccccccccccccQ=='}
22:09:13 | DEBUG    | CoreService | core_service.py:50 | 更新状态，消息类型: CustomByteBlock, 内容: {'data': 'aaaaaaaaaaaacccccccccccccQ=='}
22:09:13 | DEBUG    | CoreService | core_service.py:50 | 更新状态，消息类型: CustomByteBlock, 内容: {'data': 'aaaaaaaaaaaacccccccccccccQ=='}
22:09:13 | DEBUG    | CoreService | core_service.py:50 | 更新状态，消息类型: CustomByteBlock, 内容: {'data': 'aaaaaaaaaaaacccccccccccccQ=='}
22:09:13 | DEBUG    | CoreService | core_service.py:50 | 更新状态，消息类型: CustomByteBlock, 内容: {'data': 'aaaaaaaaaaaacccccccccccccQ=='}
22:09:13 | DEBUG    | CoreService | core_service.py:50 | 更新状态，消息类型: CustomByteBlock, 内容: {'data': 'aaaaaaaaaaaacccccccccccccQ=='}
22:09:13 | DEBUG    | CoreService | core_service.py:50 | 更新状态，消息类型: CustomByteBlock, 内容: {'data': 'aaaaaaaaaaaacccccccccccccQ=='}
22:09:13 | DEBUG    | CoreService | core_service.py:50 | 更新状态，消息类型: CustomByteBlock, 内容: {'data': 'aaaaaaaaaaaacccccccccccccQ=='}
22:09:13 | DEBUG    | CoreService | core_service.py:50 | 更新状态，消息类型: CustomByteBlock, 内容: {'data': 'aaaaaaaaaaaacccccccccccccQ=='}
22:09:13 | DEBUG    | CoreService | core_service.py:50 | 更新状态，消息类型: CustomByteBlock, 内容: {'data': 'aaaaaaaaaaaacccccccccccccQ=='}
22:09:13 | DEBUG    | CoreService | core_service.py:50 | 更新状态，消息类型: CustomByteBlock, 内容: {'data': 'aaaaaaaaaaaacccccccccccccQ=='}
22:09:13 | DEBUG    | CoreService | core_service.py:50 | 更新状态，消息类型: CustomByteBlock, 内容: {'data': 'aaaaaaaaaaaacccccccccccccQ=='}
22:09:13 | DEBUG    | CoreService | core_service.py:50 | 更新状态，消息类型: CustomByteBlock, 内容: {'data': 'aaaaaaaaaaaacccccccccccccQ=='}
22:09:13 | DEBUG    | CoreService | core_service.py:50 | 更新状态，消息类型: CustomByteBlock, 内容: {'data': 'aaaaaaaaaaaacccccccccccccQ=='}
22:09:13 | DEBUG    | CoreService | core_service.py:50 | 更新状态，消息类型: CustomByteBlock, 内容: {'data': 'aaaaaaaaaaaacccccccccccccQ=='}
22:09:13 | DEBUG    | CoreService | core_service.py:50 | 更新状态，消息类型: CustomByteBlock, 内容: {'data': 'aaaaaaaaaaaacccccccccccccQ=='}
22:09:13 | DEBUG    | CoreService | core_service.py:50 | 更新状态，消息类型: CustomByteBlock, 内容: {'data': 'aaaaaaaaaaaacccccccccccccQ=='}
22:09:13 | DEBUG    | CoreService | core_service.py:50 | 更新状态，消息类型: CustomByteBlock, 内容: {'data': 'aaaaaaaaaaaacccccccccccccQ=='}
22:09:13 | DEBUG    | CoreService | core_service.py:50 | 更新状态，消息类型: CustomByteBlock, 内容: {'data': 'aaaaaaaaaaaacccccccccccccQ=='}
22:09:13 | DEBUG    | CoreService | core_service.py:50 | 更新状态，消息类型: CustomByteBlock, 内容: {'data': 'aaaaaaaaaaaacccccccccccccQ=='}
22:09:13 | DEBUG    | CoreService | core_service.py:50 | 更新状态，消息类型: DeployModeStatusSync, 内容: {}
22:09:13 | DEBUG    | CoreService | core_service.py:50 | 更新状态，消息类型: CustomByteBlock, 内容: {'data': 'aaaaaaaaaaaacccccccccccccQ=='}
22:09:13 | DEBUG    | CoreService | core_service.py:50 | 更新状态，消息类型: CustomByteBlock, 内容: {'data': 'aaaaaaaaaaaacccccccccccccQ=='}
22:09:13 | DEBUG    | CoreService | core_service.py:50 | 更新状态，消息类型: CustomByteBlock, 内容: {'data': 'aaaaaaaaaaaacccccccccccccQ=='}
22:09:13 | DEBUG    | CoreService | core_service.py:50 | 更新状态，消息类型: CustomByteBlock, 内容: {'data': 'aaaaaaaaaaaacccccccccccccQ=='}
22:09:13 | DEBUG    | CoreService | core_service.py:50 | 更新状态，消息类型: CustomByteBlock, 内容: {'data': 'aaaaaaaaaaaacccccccccccccQ=='}
22:09:13 | DEBUG    | CoreService | core_service.py:50 | 更新状态，消息类型: CustomByteBlock, 内容: {'data': 'aaaaaaaaaaaacccccccccccccQ=='}
22:09:13 | DEBUG    | CoreService | core_service.py:50 | 更新状态，消息类型: CustomByteBlock, 内容: {'data': 'aaaaaaaaaaaacccccccccccccQ=='}
22:09:13 | DEBUG    | CoreService | core_service.py:50 | 更新状态，消息类型: CustomByteBlock, 内容: {'data': 'aaaaaaaaaaaacccccccccccccQ=='}
22:09:13 | DEBUG    | CoreService | core_service.py:50 | 更新状态，消息类型: CustomByteBlock, 内容: {'data': 'aaaaaaaaaaaacccccccccccccQ=='}
22:09:13 | DEBUG    | CoreService | core_service.py:50 | 更新状态，消息类型: CustomByteBlock, 内容: {'data': 'aaaaaaaaaaaacccccccccccccQ=='}
22:09:13 | DEBUG    | CoreService | core_service.py:50 | 更新状态，消息类型: CustomByteBlock, 内容: {'data': 'aaaaaaaaaaaacccccccccccccQ=='}
22:09:13 | DEBUG    | CoreService | core_service.py:50 | 更新状态，消息类型: CustomByteBlock, 内容: {'data': 'aaaaaaaaaaaacccccccccccccQ=='}
22:09:13 | DEBUG    | CoreService | core_service.py:50 | 更新状态，消息类型: CustomByteBlock, 内容: {'data': 'aaaaaaaaaaaacccccccccccccQ=='}
22:09:13 | DEBUG    | CoreService | core_service.py:72 | 吊射模式状态未变化，当前状态: 非吊射
22:09:13 | DEBUG    | CoreService | core_service.py:50 | 更新状态，消息类型: CustomByteBlock, 内容: {'data': 'aaaaaaaaaaaacccccccccccccQ=='}
22:09:14 | DEBUG    | CoreService | core_service.py:50 | 更新状态，消息类型: CustomByteBlock, 内容: {'data': 'aaaaaaaaaaaacccccccccccccQ=='}
22:09:14 | DEBUG    | CoreService | core_service.py:50 | 更新状态，消息类型: CustomByteBlock, 内容: {'data': 'aaaaaaaaaaaacccccccccccccQ=='}
22:09:14 | DEBUG    | CoreService | core_service.py:50 | 更新状态，消息类型: CustomByteBlock, 内容: {'data': 'aaaaaaaaaaaacccccccccccccQ=='}
22:09:14 | DEBUG    | CoreService | core_service.py:50 | 更新状态，消息类型: CustomByteBlock, 内容: {'data': 'aaaaaaaaaaaacccccccccccccQ=='}
22:09:14 | DEBUG    | CoreService | core_service.py:50 | 更新状态，消息类型: CustomByteBlock, 内容: {'data': 'aaaaaaaaaaaacccccccccccccQ=='}
22:09:14 | DEBUG    | CoreService | core_service.py:50 | 更新状态，消息类型: CustomByteBlock, 内容: {'data': 'aaaaaaaaaaaacccccccccccccQ=='}
22:09:14 | DEBUG    | CoreService | core_service.py:50 | 更新状态，消息类型: CustomByteBlock, 内容: {'data': 'aaaaaaaaaaaacccccccccccccQ=='}
22:09:14 | DEBUG    | CoreService | core_service.py:50 | 更新状态，消息类型: CustomByteBlock, 内容: {'data': 'aaaaaaaaaaaacccccccccccccQ=='}
22:09:14 | DEBUG    | CoreService | core_service.py:50 | 更新状态，消息类型: CustomByteBlock, 内容: {'data': 'aaaaaaaaaaaacccccccccccccQ=='}
22:09:14 | DEBUG    | CoreService | core_service.py:50 | 更新状态，消息类型: CustomByteBlock, 内容: {'data': 'aaaaaaaaaaaacccccccccccccQ=='}
22:09:14 | DEBUG    | CoreService | core_service.py:50 | 更新状态，消息类型: CustomByteBlock, 内容: {'data': 'aaaaaaaaaaaacccccccccccccQ=='}
22:09:14 | DEBUG    | CoreService | core_service.py:50 | 更新状态，消息类型: CustomByteBlock, 内容: {'data': 'aaaaaaaaaaaacccccccccccccQ=='}
22:09:14 | DEBUG    | CoreService | core_service.py:50 | 更新状态，消息类型: CustomByteBlock, 内容: {'data': 'aaaaaaaaaaaacccccccccccccQ=='}
22:09:14 | DEBUG    | CoreService | core_service.py:50 | 更新状态，消息类型: CustomByteBlock, 内容: {'data': 'aaaaaaaaaaaacccccccccccccQ=='}
22:09:14 | DEBUG    | CoreService | core_service.py:50 | 更新状态，消息类型: CustomByteBlock, 内容: {'data': 'aaaaaaaaaaaacccccccccccccQ=='}
22:09:14 | DEBUG    | CoreService | core_service.py:50 | 更新状态，消息类型: CustomByteBlock, 内容: {'data': 'aaaaaaaaaaaacccccccccccccQ=='}
22:09:14 | DEBUG    | CoreService | core_service.py:50 | 更新状态，消息类型: CustomByteBlock, 内容: {'data': 'aaaaaaaaaaaacccccccccccccQ=='}
22:09:14 | DEBUG    | CoreService | core_service.py:50 | 更新状态，消息类型: CustomByteBlock, 内容: {'data': 'aaaaaaaaaaaacccccccccccccQ=='}
22:09:21 | INFO     | CoreService | core_service.py:65 | 未检测到吊射模式，启用UDP图传数据源
22:09:21 | INFO     | CoreService | core_service.py:93 | CoreService 已在后台启动（非阻塞模式）
22:09:22 | DEBUG    | CoreService | core_service.py:71 | 吊射模式状态未变化，当前状态: 非吊射
22:09:23 | DEBUG    | CoreService | core_service.py:71 | 吊射模式状态未变化，当前状态: 非吊射
22:09:24 | DEBUG    | CoreService | core_service.py:71 | 吊射模式状态未变化，当前状态: 非吊射
22:09:25 | DEBUG    | CoreService | core_service.py:71 | 吊射模式状态未变化，当前状态: 非吊射
22:09:26 | DEBUG    | CoreService | core_service.py:71 | 吊射模式状态未变化，当前状态: 非吊射
22:09:27 | DEBUG    | CoreService | core_service.py:71 | 吊射模式状态未变化，当前状态: 非吊射
22:09:28 | DEBUG    | CoreService | core_service.py:71 | 吊射模式状态未变化，当前状态: 非吊射
22:09:29 | DEBUG    | CoreService | core_service.py:71 | 吊射模式状态未变化，当前状态: 非吊射
22:09:30 | DEBUG    | CoreService | core_service.py:71 | 吊射模式状态未变化，当前状态: 非吊射
22:09:31 | DEBUG    | CoreService | core_service.py:71 | 吊射模式状态未变化，当前状态: 非吊射
22:09:32 | DEBUG    | CoreService | core_service.py:71 | 吊射模式状态未变化，当前状态: 非吊射
22:09:33 | DEBUG    | CoreService | core_service.py:71 | 吊射模式状态未变化，当前状态: 非吊射
22:09:34 | DEBUG    | CoreService | core_service.py:71 | 吊射模式状态未变化，当前状态: 非吊射
22:09:35 | DEBUG    | CoreService | core_service.py:71 | 吊射模式状态未变化，当前状态: 非吊射
22:09:36 | DEBUG    | CoreService | core_service.py:71 | 吊射模式状态未变化，当前状态: 非吊射
22:09:37 | DEBUG    | CoreService | core_service.py:71 | 吊射模式状态未变化，当前状态: 非吊射
22:09:38 | DEBUG    | CoreService | core_service.py:71 | 吊射模式状态未变化，当前状态: 非吊射
22:09:39 | DEBUG    | CoreService | core_service.py:71 | 吊射模式状态未变化，当前状态: 非吊射
22:09:40 | DEBUG    | CoreService | core_service.py:71 | 吊射模式状态未变化，当前状态: 非吊射
22:09:41 | DEBUG    | CoreService | core_service.py:71 | 吊射模式状态未变化，当前状态: 非吊射
22:09:42 | DEBUG    | CoreService | core_service.py:71 | 吊射模式状态未变化，当前状态: 非吊射
22:09:43 | DEBUG    | CoreService | core_service.py:71 | 吊射模式状态未变化，当前状态: 非吊射
22:09:44 | DEBUG    | CoreService | core_service.py:71 | 吊射模式状态未变化，当前状态: 非吊射
22:09:45 | DEBUG    | CoreService | core_service.py:71 | 吊射模式状态未变化，当前状态: 非吊射
22:09:46 | DEBUG    | CoreService | core_service.py:71 | 吊射模式状态未变化，当前状态: 非吊射
22:09:47 | DEBUG    | CoreService | core_service.py:71 | 吊射模式状态未变化，当前状态: 非吊射
22:09:48 | DEBUG    | CoreService | core_service.py:71 | 吊射模式状态未变化，当前状态: 非吊射
22:09:49 | DEBUG    | CoreService | core_service.py:71 | 吊射模式状态未变化，当前状态: 非吊射
22:09:50 | DEBUG    | CoreService | core_service.py:71 | 吊射模式状态未变化，当前状态: 非吊射
22:09:51 | DEBUG    | CoreService | core_service.py:71 | 吊射模式状态未变化，当前状态: 非吊射
22:09:52 | DEBUG    | CoreService | core_service.py:71 | 吊射模式状态未变化，当前状态: 非吊射
22:09:53 | DEBUG    | CoreService | core_service.py:71 | 吊射模式状态未变化，当前状态: 非吊射
22:09:54 | DEBUG    | CoreService | core_service.py:71 | 吊射模式状态未变化，当前状态: 非吊射
22:09:55 | DEBUG    | CoreService | core_service.py:71 | 吊射模式状态未变化，当前状态: 非吊射
22:09:56 | DEBUG    | CoreService | core_service.py:71 | 吊射模式状态未变化，当前状态: 非吊射
22:09:57 | DEBUG    | CoreService | core_service.py:71 | 吊射模式状态未变化，当前状态: 非吊射
22:09:58 | DEBUG    | CoreService | core_service.py:71 | 吊射模式状态未变化，当前状态: 非吊射
22:10:00 | DEBUG    | CoreService | core_service.py:71 | 吊射模式状态未变化，当前状态: 非吊射
22:10:01 | DEBUG    | CoreService | core_service.py:71 | 吊射模式状态未变化，当前状态: 非吊射
22:10:02 | DEBUG    | CoreService | core_service.py:71 | 吊射模式状态未变化，当前状态: 非吊射
22:10:03 | DEBUG    | CoreService | core_service.py:71 | 吊射模式状态未变化，当前状态: 非吊射
22:10:04 | DEBUG    | CoreService | core_service.py:71 | 吊射模式状态未变化，当前状态: 非吊射
22:10:05 | DEBUG    | CoreService | core_service.py:71 | 吊射模式状态未变化，当前状态: 非吊射
22:10:06 | DEBUG    | CoreService | core_service.py:71 | 吊射模式状态未变化，当前状态: 非吊射
22:10:07 | DEBUG    | CoreService | core_service.py:71 | 吊射模式状态未变化，当前状态: 非吊射
22:10:08 | DEBUG    | CoreService | core_service.py:71 | 吊射模式状态未变化，当前状态: 非吊射
22:10:09 | DEBUG    | CoreService | core_service.py:71 | 吊射模式状态未变化，当前状态: 非吊射
22:10:10 | DEBUG    | CoreService | core_service.py:71 | 吊射模式状态未变化，当前状态: 非吊射
22:10:11 | DEBUG    | CoreService | core_service.py:71 | 吊射模式状态未变化，当前状态: 非吊射
22:10:12 | DEBUG    | CoreService | core_service.py:71 | 吊射模式状态未变化，当前状态: 非吊射
22:10:13 | DEBUG    | CoreService | core_service.py:71 | 吊射模式状态未变化，当前状态: 非吊射
22:10:14 | DEBUG    | CoreService | core_service.py:71 | 吊射模式状态未变化，当前状态: 非吊射
22:10:15 | DEBUG    | CoreService | core_service.py:71 | 吊射模式状态未变化，当前状态: 非吊射
22:10:16 | DEBUG    | CoreService | core_service.py:71 | 吊射模式状态未变化，当前状态: 非吊射
22:10:17 | DEBUG    | CoreService | core_service.py:71 | 吊射模式状态未变化，当前状态: 非吊射
22:10:18 | DEBUG    | CoreService | core_service.py:71 | 吊射模式状态未变化，当前状态: 非吊射
22:10:19 | DEBUG    | CoreService | core_service.py:71 | 吊射模式状态未变化，当前状态: 非吊射
22:10:20 | DEBUG    | CoreService | core_service.py:71 | 吊射模式状态未变化，当前状态: 非吊射
22:10:21 | DEBUG    | CoreService | core_service.py:71 | 吊射模式状态未变化，当前状态: 非吊射
22:10:22 | DEBUG    | CoreService | core_service.py:71 | 吊射模式状态未变化，当前状态: 非吊射
22:10:23 | DEBUG    | CoreService | core_service.py:71 | 吊射模式状态未变化，当前状态: 非吊射
22:10:24 | DEBUG    | CoreService | core_service.py:71 | 吊射模式状态未变化，当前状态: 非吊射
22:10:25 | DEBUG    | CoreService | core_service.py:71 | 吊射模式状态未变化，当前状态: 非吊射
22:10:26 | DEBUG    | CoreService | core_service.py:71 | 吊射模式状态未变化，当前状态: 非吊射
22:10:27 | DEBUG    | CoreService | core_service.py:71 | 吊射模式状态未变化，当前状态: 非吊射
22:10:28 | DEBUG    | CoreService | core_service.py:71 | 吊射模式状态未变化，当前状态: 非吊射
22:10:29 | DEBUG    | CoreService | core_service.py:71 | 吊射模式状态未变化，当前状态: 非吊射
22:10:30 | DEBUG    | CoreService | core_service.py:71 | 吊射模式状态未变化，当前状态: 非吊射
22:10:31 | DEBUG    | CoreService | core_service.py:71 | 吊射模式状态未变化，当前状态: 非吊射
22:10:32 | DEBUG    | CoreService | core_service.py:71 | 吊射模式状态未变化，当前状态: 非吊射
22:10:33 | DEBUG    | CoreService | core_service.py:71 | 吊射模式状态未变化，当前状态: 非吊射
22:10:34 | DEBUG    | CoreService | core_service.py:71 | 吊射模式状态未变化，当前状态: 非吊射
22:10:35 | DEBUG    | CoreService | core_service.py:71 | 吊射模式状态未变化，当前状态: 非吊射
22:10:36 | DEBUG    | CoreService | core_service.py:71 | 吊射模式状态未变化，当前状态: 非吊射
22:10:37 | DEBUG    | CoreService | core_service.py:71 | 吊射模式状态未变化，当前状态: 非吊射
22:10:38 | DEBUG    | CoreService | core_service.py:71 | 吊射模式状态未变化，当前状态: 非吊射
22:10:39 | DEBUG    | CoreService | core_service.py:71 | 吊射模式状态未变化，当前状态: 非吊射
22:10:40 | DEBUG    | CoreService | core_service.py:71 | 吊射模式状态未变化，当前状态: 非吊射
22:10:41 | DEBUG    | CoreService | core_service.py:71 | 吊射模式状态未变化，当前状态: 非吊射
22:10:42 | DEBUG    | CoreService | core_service.py:71 | 吊射模式状态未变化，当前状态: 非吊射
22:10:43 | DEBUG    | CoreService | core_service.py:71 | 吊射模式状态未变化，当前状态: 非吊射
22:10:44 | DEBUG    | CoreService | core_service.py:71 | 吊射模式状态未变化，当前状态: 非吊射
22:10:45 | DEBUG    | CoreService | core_service.py:71 | 吊射模式状态未变化，当前状态: 非吊射
22:10:46 | DEBUG    | CoreService | core_service.py:71 | 吊射模式状态未变化，当前状态: 非吊射
22:10:47 | DEBUG    | CoreService | core_service.py:71 | 吊射模式状态未变化，当前状态: 非吊射
22:10:48 | DEBUG    | CoreService | core_service.py:71 | 吊射模式状态未变化，当前状态: 非吊射
22:10:49 | DEBUG    | CoreService | core_service.py:71 | 吊射模式状态未变化，当前状态: 非吊射
22:10:50 | DEBUG    | CoreService | core_service.py:71 | 吊射模式状态未变化，当前状态: 非吊射
22:10:51 | DEBUG    | CoreService | core_service.py:71 | 吊射模式状态未变化，当前状态: 非吊射
22:10:52 | DEBUG    | CoreService | core_service.py:71 | 吊射模式状态未变化，当前状态: 非吊射
22:10:53 | DEBUG    | CoreService | core_service.py:71 | 吊射模式状态未变化，当前状态: 非吊射
22:10:54 | DEBUG    | CoreService | core_service.py:71 | 吊射模式状态未变化，当前状态: 非吊射
22:10:55 | DEBUG    | CoreService | core_service.py:71 | 吊射模式状态未变化，当前状态: 非吊射
22:10:56 | DEBUG    | CoreService | core_service.py:71 | 吊射模式状态未变化，当前状态: 非吊射
22:10:57 | DEBUG    | CoreService | core_service.py:71 | 吊射模式状态未变化，当前状态: 非吊射
22:10:58 | DEBUG    | CoreService | core_service.py:71 | 吊射模式状态未变化，当前状态: 非吊射
22:10:59 | DEBUG    | CoreService | core_service.py:71 | 吊射模式状态未变化，当前状态: 非吊射
22:11:00 | DEBUG    | CoreService | core_service.py:71 | 吊射模式状态未变化，当前状态: 非吊射
22:11:01 | DEBUG    | CoreService | core_service.py:71 | 吊射模式状态未变化，当前状态: 非吊射
22:11:02 | DEBUG    | CoreService | core_service.py:71 | 吊射模式状态未变化，当前状态: 非吊射
22:11:03 | DEBUG    | CoreService | core_service.py:71 | 吊射模式状态未变化，当前状态: 非吊射
22:11:04 | DEBUG    | CoreService | core_service.py:71 | 吊射模式状态未变化，当前状态: 非吊射
22:11:05 | DEBUG    | CoreService | core_service.py:71 | 吊射模式状态未变化，当前状态: 非吊射
22:11:06 | DEBUG    | CoreService | core_service.py:71 | 吊射模式状态未变化，当前状态: 非吊射
22:11:07 | DEBUG    | CoreService | core_service.py:71 | 吊射模式状态未变化，当前状态: 非吊射
22:11:08 | DEBUG    | CoreService | core_service.py:71 | 吊射模式状态未变化，当前状态: 非吊射
22:11:09 | DEBUG    | CoreService | core_service.py:71 | 吊射模式状态未变化，当前状态: 非吊射
22:11:10 | DEBUG    | CoreService | core_service.py:71 | 吊射模式状态未变化，当前状态: 非吊射
22:11:11 | DEBUG    | CoreService | core_service.py:71 | 吊射模式状态未变化，当前状态: 非吊射
22:11:12 | DEBUG    | CoreService | core_service.py:71 | 吊射模式状态未变化，当前状态: 非吊射
22:11:13 | DEBUG    | CoreService | core_service.py:71 | 吊射模式状态未变化，当前状态: 非吊射
22:11:14 | DEBUG    | CoreService | core_service.py:71 | 吊射模式状态未变化，当前状态: 非吊射
22:11:15 | DEBUG    | CoreService | core_service.py:71 | 吊射模式状态未变化，当前状态: 非吊射
22:11:16 | DEBUG    | CoreService | core_service.py:71 | 吊射模式状态未变化，当前状态: 非吊射
22:11:17 | DEBUG    | CoreService | core_service.py:71 | 吊射模式状态未变化，当前状态: 非吊射
22:11:18 | DEBUG    | CoreService | core_service.py:71 | 吊射模式状态未变化，当前状态: 非吊射
22:11:19 | DEBUG    | CoreService | core_service.py:71 | 吊射模式状态未变化，当前状态: 非吊射
22:11:20 | DEBUG    | CoreService | core_service.py:71 | 吊射模式状态未变化，当前状态: 非吊射
22:11:21 | DEBUG    | CoreService | core_service.py:71 | 吊射模式状态未变化，当前状态: 非吊射
22:11:22 | DEBUG    | CoreService | core_service.py:71 | 吊射模式状态未变化，当前状态: 非吊射
22:12:00 | INFO     | CoreService | core_service.py:65 | 未检测到吊射模式，启用UDP图传数据源
22:12:00 | INFO     | CoreService | core_service.py:93 | CoreService 已在后台启动（非阻塞模式）
22:12:01 | DEBUG    | CoreService | core_service.py:71 | 吊射模式状态未变化，当前状态: 非吊射
22:12:04 | INFO     | CoreService | core_service.py:65 | 未检测到吊射模式，启用UDP图传数据源
22:12:04 | INFO     | CoreService | core_service.py:93 | CoreService 已在后台启动（非阻塞模式）
22:12:38 | INFO     | CoreService | core_service.py:65 | 未检测到吊射模式，启用UDP图传数据源
22:12:38 | INFO     | CoreService | core_service.py:93 | CoreService 已在后台启动（非阻塞模式）
22:12:49 | INFO     | CoreService | core_service.py:65 | 未检测到吊射模式，启用UDP图传数据源
22:12:49 | INFO     | CoreService | core_service.py:93 | CoreService 已在后台启动（非阻塞模式）
22:13:28 | INFO     | CoreService | core_service.py:65 | 未检测到吊射模式，启用UDP图传数据源
22:13:28 | INFO     | CoreService | core_service.py:93 | CoreService 已在后台启动（非阻塞模式）
22:13:47 | INFO     | CoreService | core_service.py:65 | 未检测到吊射模式，启用UDP图传数据源
22:13:47 | INFO     | CoreService | core_service.py:93 | CoreService 已在后台启动（非阻塞模式）
22:13:48 | DEBUG    | CoreService | core_service.py:71 | 吊射模式状态未变化，当前状态: 非吊射
22:13:49 | DEBUG    | CoreService | core_service.py:71 | 吊射模式状态未变化，当前状态: 非吊射
22:13:50 | DEBUG    | CoreService | core_service.py:71 | 吊射模式状态未变化，当前状态: 非吊射
22:13:51 | DEBUG    | CoreService | core_service.py:71 | 吊射模式状态未变化，当前状态: 非吊射
22:13:52 | DEBUG    | CoreService | core_service.py:71 | 吊射模式状态未变化，当前状态: 非吊射
22:13:53 | DEBUG    | CoreService | core_service.py:71 | 吊射模式状态未变化，当前状态: 非吊射
22:13:54 | DEBUG    | CoreService | core_service.py:71 | 吊射模式状态未变化，当前状态: 非吊射
22:13:55 | DEBUG    | CoreService | core_service.py:71 | 吊射模式状态未变化，当前状态: 非吊射
22:13:56 | DEBUG    | CoreService | core_service.py:71 | 吊射模式状态未变化，当前状态: 非吊射
22:13:57 | DEBUG    | CoreService | core_service.py:71 | 吊射模式状态未变化，当前状态: 非吊射
22:13:58 | DEBUG    | CoreService | core_service.py:71 | 吊射模式状态未变化，当前状态: 非吊射
22:13:59 | DEBUG    | CoreService | core_service.py:71 | 吊射模式状态未变化，当前状态: 非吊射
22:14:00 | DEBUG    | CoreService | core_service.py:71 | 吊射模式状态未变化，当前状态: 非吊射
22:14:02 | DEBUG    | CoreService | core_service.py:71 | 吊射模式状态未变化，当前状态: 非吊射
22:14:03 | DEBUG    | CoreService | core_service.py:71 | 吊射模式状态未变化，当前状态: 非吊射
22:14:04 | DEBUG    | CoreService | core_service.py:71 | 吊射模式状态未变化，当前状态: 非吊射
22:14:05 | DEBUG    | CoreService | core_service.py:71 | 吊射模式状态未变化，当前状态: 非吊射
22:14:06 | DEBUG    | CoreService | core_service.py:71 | 吊射模式状态未变化，当前状态: 非吊射
22:14:07 | DEBUG    | CoreService | core_service.py:71 | 吊射模式状态未变化，当前状态: 非吊射
22:14:08 | DEBUG    | CoreService | core_service.py:71 | 吊射模式状态未变化，当前状态: 非吊射
22:14:09 | DEBUG    | CoreService | core_service.py:71 | 吊射模式状态未变化，当前状态: 非吊射
22:14:10 | DEBUG    | CoreService | core_service.py:71 | 吊射模式状态未变化，当前状态: 非吊射
22:14:11 | DEBUG    | CoreService | core_service.py:71 | 吊射模式状态未变化，当前状态: 非吊射
22:14:12 | DEBUG    | CoreService | core_service.py:71 | 吊射模式状态未变化，当前状态: 非吊射
22:14:13 | DEBUG    | CoreService | core_service.py:71 | 吊射模式状态未变化，当前状态: 非吊射
22:14:14 | DEBUG    | CoreService | core_service.py:71 | 吊射模式状态未变化，当前状态: 非吊射
22:14:15 | DEBUG    | CoreService | core_service.py:71 | 吊射模式状态未变化，当前状态: 非吊射
22:14:16 | DEBUG    | CoreService | core_service.py:71 | 吊射模式状态未变化，当前状态: 非吊射
22:14:17 | DEBUG    | CoreService | core_service.py:71 | 吊射模式状态未变化，当前状态: 非吊射
22:14:18 | DEBUG    | CoreService | core_service.py:71 | 吊射模式状态未变化，当前状态: 非吊射
22:14:19 | DEBUG    | CoreService | core_service.py:71 | 吊射模式状态未变化，当前状态: 非吊射
22:14:20 | DEBUG    | CoreService | core_service.py:71 | 吊射模式状态未变化，当前状态: 非吊射
22:14:21 | DEBUG    | CoreService | core_service.py:71 | 吊射模式状态未变化，当前状态: 非吊射
22:14:22 | DEBUG    | CoreService | core_service.py:71 | 吊射模式状态未变化，当前状态: 非吊射
22:14:23 | DEBUG    | CoreService | core_service.py:71 | 吊射模式状态未变化，当前状态: 非吊射
22:14:24 | INFO     | CoreService | core_service.py:61 | 检测到吊射模式，启用MQTT图传数据源
22:14:25 | DEBUG    | CoreService | core_service.py:71 | 吊射模式状态未变化，当前状态: 吊射
22:14:26 | DEBUG    | CoreService | core_service.py:71 | 吊射模式状态未变化，当前状态: 吊射
22:14:27 | DEBUG    | CoreService | core_service.py:71 | 吊射模式状态未变化，当前状态: 吊射
22:14:28 | DEBUG    | CoreService | core_service.py:71 | 吊射模式状态未变化，当前状态: 吊射
22:14:29 | DEBUG    | CoreService | core_service.py:71 | 吊射模式状态未变化，当前状态: 吊射
22:14:30 | DEBUG    | CoreService | core_service.py:71 | 吊射模式状态未变化，当前状态: 吊射
22:14:31 | DEBUG    | CoreService | core_service.py:71 | 吊射模式状态未变化，当前状态: 吊射
22:14:32 | DEBUG    | CoreService | core_service.py:71 | 吊射模式状态未变化，当前状态: 吊射
22:14:33 | DEBUG    | CoreService | core_service.py:71 | 吊射模式状态未变化，当前状态: 吊射
22:14:34 | DEBUG    | CoreService | core_service.py:71 | 吊射模式状态未变化，当前状态: 吊射
22:14:35 | DEBUG    | CoreService | core_service.py:71 | 吊射模式状态未变化，当前状态: 吊射
22:14:36 | DEBUG    | CoreService | core_service.py:71 | 吊射模式状态未变化，当前状态: 吊射
22:14:37 | DEBUG    | CoreService | core_service.py:71 | 吊射模式状态未变化，当前状态: 吊射
22:14:38 | DEBUG    | CoreService | core_service.py:71 | 吊射模式状态未变化，当前状态: 吊射
22:14:39 | DEBUG    | CoreService | core_service.py:71 | 吊射模式状态未变化，当前状态: 吊射
22:14:40 | DEBUG    | CoreService | core_service.py:71 | 吊射模式状态未变化，当前状态: 吊射
22:14:41 | DEBUG    | CoreService | core_service.py:71 | 吊射模式状态未变化，当前状态: 吊射
22:14:42 | DEBUG    | CoreService | core_service.py:71 | 吊射模式状态未变化，当前状态: 吊射
22:14:43 | DEBUG    | CoreService | core_service.py:71 | 吊射模式状态未变化，当前状态: 吊射
22:14:44 | INFO     | CoreService | core_service.py:65 | 未检测到吊射模式，启用UDP图传数据源
22:14:46 | DEBUG    | CoreService | core_service.py:71 | 吊射模式状态未变化，当前状态: 非吊射
22:14:47 | DEBUG    | CoreService | core_service.py:71 | 吊射模式状态未变化，当前状态: 非吊射
22:14:48 | DEBUG    | CoreService | core_service.py:71 | 吊射模式状态未变化，当前状态: 非吊射
22:14:49 | DEBUG    | CoreService | core_service.py:71 | 吊射模式状态未变化，当前状态: 非吊射
22:14:50 | DEBUG    | CoreService | core_service.py:71 | 吊射模式状态未变化，当前状态: 非吊射
22:14:51 | DEBUG    | CoreService | core_service.py:71 | 吊射模式状态未变化，当前状态: 非吊射
22:14:52 | DEBUG    | CoreService | core_service.py:71 | 吊射模式状态未变化，当前状态: 非吊射
22:14:53 | DEBUG    | CoreService | core_service.py:71 | 吊射模式状态未变化，当前状态: 非吊射
22:14:54 | DEBUG    | CoreService | core_service.py:71 | 吊射模式状态未变化，当前状态: 非吊射
22:14:55 | DEBUG    | CoreService | core_service.py:71 | 吊射模式状态未变化，当前状态: 非吊射
22:14:56 | DEBUG    | CoreService | core_service.py:71 | 吊射模式状态未变化，当前状态: 非吊射
22:14:57 | DEBUG    | CoreService | core_service.py:71 | 吊射模式状态未变化，当前状态: 非吊射
22:14:58 | DEBUG    | CoreService | core_service.py:71 | 吊射模式状态未变化，当前状态: 非吊射
22:14:59 | DEBUG    | CoreService | core_service.py:71 | 吊射模式状态未变化，当前状态: 非吊射
22:15:00 | DEBUG    | CoreService | core_service.py:71 | 吊射模式状态未变化，当前状态: 非吊射
22:15:01 | DEBUG    | CoreService | core_service.py:71 | 吊射模式状态未变化，当前状态: 非吊射
22:15:02 | DEBUG    | CoreService | core_service.py:71 | 吊射模式状态未变化，当前状态: 非吊射
22:15:03 | DEBUG    | CoreService | core_service.py:71 | 吊射模式状态未变化，当前状态: 非吊射
22:15:04 | DEBUG    | CoreService | core_service.py:71 | 吊射模式状态未变化，当前状态: 非吊射
22:15:05 | DEBUG    | CoreService | core_service.py:71 | 吊射模式状态未变化，当前状态: 非吊射
22:15:06 | DEBUG    | CoreService | core_service.py:71 | 吊射模式状态未变化，当前状态: 非吊射
22:15:07 | DEBUG    | CoreService | core_service.py:71 | 吊射模式状态未变化，当前状态: 非吊射
22:25:52 | INFO     | CoreService | core_service.py:65 | 未检测到吊射模式，启用UDP图传数据源
22:25:53 | DEBUG    | CoreService | core_service.py:71 | 吊射模式状态未变化，当前状态: 非吊射
22:25:54 | DEBUG    | CoreService | core_service.py:71 | 吊射模式状态未变化，当前状态: 非吊射
22:25:55 | DEBUG    | CoreService | core_service.py:71 | 吊射模式状态未变化，当前状态: 非吊射
22:25:56 | DEBUG    | CoreService | core_service.py:71 | 吊射模式状态未变化，当前状态: 非吊射
22:25:57 | DEBUG    | CoreService | core_service.py:71 | 吊射模式状态未变化，当前状态: 非吊射
22:25:58 | DEBUG    | CoreService | core_service.py:71 | 吊射模式状态未变化，当前状态: 非吊射
22:25:59 | DEBUG    | CoreService | core_service.py:71 | 吊射模式状态未变化，当前状态: 非吊射
22:26:00 | DEBUG    | CoreService | core_service.py:71 | 吊射模式状态未变化，当前状态: 非吊射
22:26:01 | DEBUG    | CoreService | core_service.py:71 | 吊射模式状态未变化，当前状态: 非吊射
22:26:02 | DEBUG    | CoreService | core_service.py:71 | 吊射模式状态未变化，当前状态: 非吊射
22:26:03 | DEBUG    | CoreService | core_service.py:71 | 吊射模式状态未变化，当前状态: 非吊射
22:26:04 | DEBUG    | CoreService | core_service.py:71 | 吊射模式状态未变化，当前状态: 非吊射
22:26:05 | DEBUG    | CoreService | core_service.py:71 | 吊射模式状态未变化，当前状态: 非吊射
22:26:06 | DEBUG    | CoreService | core_service.py:71 | 吊射模式状态未变化，当前状态: 非吊射
22:26:07 | DEBUG    | CoreService | core_service.py:71 | 吊射模式状态未变化，当前状态: 非吊射
22:26:08 | DEBUG    | CoreService | core_service.py:71 | 吊射模式状态未变化，当前状态: 非吊射
22:26:09 | DEBUG    | CoreService | core_service.py:71 | 吊射模式状态未变化，当前状态: 非吊射
22:26:10 | DEBUG    | CoreService | core_service.py:71 | 吊射模式状态未变化，当前状态: 非吊射
22:26:11 | DEBUG    | CoreService | core_service.py:71 | 吊射模式状态未变化，当前状态: 非吊射
22:26:12 | DEBUG    | CoreService | core_service.py:71 | 吊射模式状态未变化，当前状态: 非吊射
22:26:13 | DEBUG    | CoreService | core_service.py:71 | 吊射模式状态未变化，当前状态: 非吊射
22:26:14 | DEBUG    | CoreService | core_service.py:71 | 吊射模式状态未变化，当前状态: 非吊射
22:26:15 | DEBUG    | CoreService | core_service.py:71 | 吊射模式状态未变化，当前状态: 非吊射
22:26:17 | DEBUG    | CoreService | core_service.py:71 | 吊射模式状态未变化，当前状态: 非吊射
22:26:18 | DEBUG    | CoreService | core_service.py:71 | 吊射模式状态未变化，当前状态: 非吊射
22:26:19 | DEBUG    | CoreService | core_service.py:71 | 吊射模式状态未变化，当前状态: 非吊射
22:26:20 | DEBUG    | CoreService | core_service.py:71 | 吊射模式状态未变化，当前状态: 非吊射
22:26:21 | DEBUG    | CoreService | core_service.py:71 | 吊射模式状态未变化，当前状态: 非吊射
22:26:22 | DEBUG    | CoreService | core_service.py:71 | 吊射模式状态未变化，当前状态: 非吊射
22:26:23 | DEBUG    | CoreService | core_service.py:71 | 吊射模式状态未变化，当前状态: 非吊射
22:26:24 | DEBUG    | CoreService | core_service.py:71 | 吊射模式状态未变化，当前状态: 非吊射
22:26:25 | DEBUG    | CoreService | core_service.py:71 | 吊射模式状态未变化，当前状态: 非吊射
22:26:26 | DEBUG    | CoreService | core_service.py:71 | 吊射模式状态未变化，当前状态: 非吊射
22:26:27 | DEBUG    | CoreService | core_service.py:71 | 吊射模式状态未变化，当前状态: 非吊射
22:26:28 | DEBUG    | CoreService | core_service.py:71 | 吊射模式状态未变化，当前状态: 非吊射
22:26:29 | DEBUG    | CoreService | core_service.py:71 | 吊射模式状态未变化，当前状态: 非吊射
22:26:30 | DEBUG    | CoreService | core_service.py:71 | 吊射模式状态未变化，当前状态: 非吊射
22:26:31 | DEBUG    | CoreService | core_service.py:71 | 吊射模式状态未变化，当前状态: 非吊射
22:26:32 | DEBUG    | CoreService | core_service.py:71 | 吊射模式状态未变化，当前状态: 非吊射
22:26:33 | DEBUG    | CoreService | core_service.py:71 | 吊射模式状态未变化，当前状态: 非吊射
22:26:33 | INFO     | CoreService | core_service.py:99 | 收到退出信号，正在关闭 CoreService...
22:26:33 | INFO     | CoreService | core_service.py:108 | 停止MQTT客户端...
22:26:33 | INFO     | CoreService | core_service.py:110 | 停止UDP图传接收线程...
22:26:33 | INFO     | CoreService | core_service.py:112 | 停止MQTT图传接收线程...
22:26:33 | INFO     | CoreService | core_service.py:114 | 所有核心服务已停止
22:26:35 | INFO     | CoreService | core_service.py:65 | 未检测到吊射模式，启用UDP图传数据源
22:30:28 | INFO     | CoreService | core_service.py:99 | 收到退出信号，正在关闭 CoreService...
22:30:28 | INFO     | CoreService | core_service.py:108 | 停止MQTT客户端...
22:30:28 | INFO     | CoreService | core_service.py:110 | 停止UDP图传接收线程...
22:30:28 | INFO     | CoreService | core_service.py:112 | 停止MQTT图传接收线程...
22:30:28 | INFO     | CoreService | core_service.py:114 | 所有核心服务已停止
22:31:18 | INFO     | CoreService | core_service.py:65 | 未检测到吊射模式，启用UDP图传数据源
22:31:24 | INFO     | CoreService | core_service.py:98 | 收到退出信号，正在关闭 CoreService...
22:31:24 | INFO     | CoreService | core_service.py:107 | 停止MQTT客户端...
22:31:24 | INFO     | CoreService | core_service.py:109 | 停止UDP图传接收线程...
22:31:24 | INFO     | CoreService | core_service.py:111 | 停止MQTT图传接收线程...
22:31:24 | INFO     | CoreService | core_service.py:113 | 所有核心服务已停止
22:39:47 | INFO     | CoreService | core_service.py:69 | 未检测到吊射模式，启用UDP图传数据源
22:41:59 | INFO     | CoreService | core_service.py:102 | 主线程方法开始执行，CoreService 将继续保持运行，等待退出信号...
22:42:01 | INFO     | CoreService | core_service.py:102 | 主线程方法开始执行，CoreService 将继续保持运行，等待退出信号...
22:42:02 | INFO     | CoreService | core_service.py:102 | 主线程方法开始执行，CoreService 将继续保持运行，等待退出信号...
22:42:03 | INFO     | CoreService | core_service.py:102 | 主线程方法开始执行，CoreService 将继续保持运行，等待退出信号...
22:42:06 | INFO     | CoreService | core_service.py:102 | 主线程方法开始执行，CoreService 将继续保持运行，等待退出信号...
22:42:07 | INFO     | CoreService | core_service.py:102 | 主线程方法开始执行，CoreService 将继续保持运行，等待退出信号...
22:42:08 | INFO     | CoreService | core_service.py:102 | 主线程方法开始执行，CoreService 将继续保持运行，等待退出信号...
22:42:08 | INFO     | CoreService | core_service.py:102 | 主线程方法开始执行，CoreService 将继续保持运行，等待退出信号...
22:42:11 | INFO     | CoreService | core_service.py:102 | 主线程方法开始执行，CoreService 将继续保持运行，等待退出信号...
22:42:13 | INFO     | CoreService | core_service.py:102 | 主线程方法开始执行，CoreService 将继续保持运行，等待退出信号...
22:44:52 | INFO     | CoreService | core_service.py:69 | 未检测到吊射模式，启用UDP图传数据源
22:44:52 | INFO     | CoreService | core_service.py:99 | 主线程方法开始执行，CoreService 将继续保持运行，等待退出信号...
22:47:01 | INFO     | CoreService | core_service.py:102 | 主线程方法已返回，CoreService 即将停止...
22:47:01 | INFO     | CoreService | core_service.py:118 | 停止MQTT客户端...
22:47:01 | INFO     | CoreService | core_service.py:120 | 停止UDP图传接收线程...
22:47:01 | INFO     | CoreService | core_service.py:122 | 停止MQTT图传接收线程...
22:47:01 | INFO     | CoreService | core_service.py:124 | 所有核心服务已停止
22:47:05 | INFO     | CoreService | core_service.py:69 | 未检测到吊射模式，启用UDP图传数据源
22:47:05 | INFO     | CoreService | core_service.py:99 | 主线程方法开始执行，CoreService 将继续保持运行，等待退出信号...
23:00:30 | INFO     | CoreService | core_service.py:102 | 主线程方法已返回，CoreService 即将停止...
23:00:30 | INFO     | CoreService | core_service.py:118 | 停止MQTT客户端...
23:00:30 | INFO     | CoreService | core_service.py:120 | 停止UDP图传接收线程...
23:00:30 | INFO     | CoreService | core_service.py:122 | 停止MQTT图传接收线程...
23:00:30 | INFO     | CoreService | core_service.py:124 | 所有核心服务已停止
23:00:41 | INFO     | CoreService | core_service.py:68 | 未检测到吊射模式，启用UDP图传数据源
23:00:45 | INFO     | CoreService | core_service.py:108 | 收到退出信号，正在关闭 CoreService...
23:00:45 | INFO     | CoreService | core_service.py:117 | 停止MQTT客户端...
23:00:45 | INFO     | CoreService | core_service.py:119 | 停止UDP图传接收线程...
23:00:45 | INFO     | CoreService | core_service.py:121 | 停止MQTT图传接收线程...
23:00:45 | INFO     | CoreService | core_service.py:123 | 所有核心服务已停止
23:01:37 | INFO     | CoreService | core_service.py:68 | 未检测到吊射模式，启用UDP图传数据源
23:01:37 | INFO     | CoreService | core_service.py:94 | CoreService 已在后台启动（非阻塞模式）
23:02:45 | INFO     | CoreService | core_service.py:68 | 未检测到吊射模式，启用UDP图传数据源
23:02:45 | INFO     | CoreService | core_service.py:94 | CoreService 已在后台启动（非阻塞模式）
23:03:38 | INFO     | CoreService | core_service.py:68 | 未检测到吊射模式，启用UDP图传数据源
23:03:38 | INFO     | CoreService | core_service.py:94 | CoreService 已在后台启动（非阻塞模式）
23:03:46 | INFO     | CoreService | core_service.py:68 | 未检测到吊射模式，启用UDP图传数据源
23:03:46 | INFO     | CoreService | core_service.py:94 | CoreService 已在后台启动（非阻塞模式）
23:12:29 | INFO     | CoreService | core_service.py:70 | 未检测到吊射模式，启用UDP图传数据源
23:12:29 | INFO     | CoreService | core_service.py:96 | CoreService 已在后台启动（非阻塞模式）
23:13:38 | INFO     | CoreService | core_service.py:70 | 未检测到吊射模式，启用UDP图传数据源
23:13:38 | INFO     | CoreService | core_service.py:96 | CoreService 已在后台启动（非阻塞模式）
23:13:55 | INFO     | CoreService | core_service.py:70 | 未检测到吊射模式，启用UDP图传数据源
23:13:55 | INFO     | CoreService | core_service.py:96 | CoreService 已在后台启动（非阻塞模式）
23:14:40 | INFO     | CoreService | core_service.py:70 | 未检测到吊射模式，启用UDP图传数据源
23:14:40 | INFO     | CoreService | core_service.py:96 | CoreService 已在后台启动（非阻塞模式）
23:15:10 | INFO     | CoreService | core_service.py:70 | 未检测到吊射模式，启用UDP图传数据源
23:15:16 | INFO     | CoreService | core_service.py:65 | 检测到吊射模式，启用MQTT图传数据源
23:15:27 | INFO     | CoreService | core_service.py:70 | 未检测到吊射模式，启用UDP图传数据源
23:19:35 | INFO     | CoreService | core_service.py:110 | 收到退出信号，正在关闭 CoreService...
23:19:35 | INFO     | CoreService | core_service.py:119 | 停止MQTT客户端...
23:19:35 | INFO     | CoreService | core_service.py:121 | 停止UDP图传接收线程...
23:19:37 | INFO     | CoreService | core_service.py:70 | 未检测到吊射模式，启用UDP图传数据源
23:19:37 | INFO     | CoreService | core_service.py:96 | CoreService 已在后台启动（非阻塞模式）
23:19:50 | INFO     | CoreService | core_service.py:65 | 检测到吊射模式，启用MQTT图传数据源
23:19:56 | INFO     | CoreService | core_service.py:70 | 未检测到吊射模式，启用UDP图传数据源
23:26:01 | INFO     | CoreService | core_service.py:119 | 停止MQTT客户端...
23:26:01 | INFO     | CoreService | core_service.py:121 | 停止UDP图传接收线程...
23:26:01 | INFO     | CoreService | core_service.py:123 | 停止MQTT图传接收线程...
23:26:01 | INFO     | CoreService | core_service.py:125 | 所有核心服务已停止
